0 info it worked if it ends with ok
1 verbose cli [ 'node', '/usr/local/bin/npm', 'install' ]
2 info using npm@3.3.5
3 info using node@v0.10.34
4 silly loadCurrentTree Starting
5 silly install loadCurrentTree
6 silly install readLocalPackageData
7 silly install normalizeTree
8 silly loadCurrentTree Finishing
9 silly loadIdealTree Starting
10 silly install loadIdealTree
11 silly cloneCurrentTree Starting
12 silly install cloneCurrentTreeToIdealTree
13 silly cloneCurrentTree Finishing
14 silly loadShrinkwrap Starting
15 silly install loadShrinkwrap
16 silly loadShrinkwrap Finishing
17 silly loadAllDepsIntoIdealTree Starting
18 silly install loadAllDepsIntoIdealTree
19 silly loadAllDepsIntoIdealTree Finishing
20 silly idealTree:prePrune sequoiasnow.com@0.0.1
20 silly idealTree:prePrune ├── JSONStream@1.0.6
20 silly idealTree:prePrune ├── acorn@1.2.2
20 silly idealTree:prePrune ├── align-text@0.1.3
20 silly idealTree:prePrune ├── alter@0.2.0
20 silly idealTree:prePrune ├── amdefine@1.0.0
20 silly idealTree:prePrune ├── ansi-green@0.1.1
20 silly idealTree:prePrune ├── ansi-regex@2.0.0
20 silly idealTree:prePrune ├── ansi-styles@2.1.0
20 silly idealTree:prePrune ├── ansi-wrap@0.1.0
20 silly idealTree:prePrune ├── anymatch@1.3.0
20 silly idealTree:prePrune ├── archy@1.0.0
20 silly idealTree:prePrune ├── arr-diff@1.1.0
20 silly idealTree:prePrune ├── arr-flatten@1.0.1
20 silly idealTree:prePrune ├── array-differ@1.0.0
20 silly idealTree:prePrune ├── array-filter@0.0.1
20 silly idealTree:prePrune ├── array-map@0.0.0
20 silly idealTree:prePrune ├── array-reduce@0.0.0
20 silly idealTree:prePrune ├── array-slice@0.2.3
20 silly idealTree:prePrune ├── array-uniq@1.0.2
20 silly idealTree:prePrune ├── array-unique@0.2.1
20 silly idealTree:prePrune ├── arrify@1.0.0
20 silly idealTree:prePrune ├── asn1.js@2.2.1
20 silly idealTree:prePrune ├── assert@1.3.0
20 silly idealTree:prePrune ├── ast-traverse@0.1.1
20 silly idealTree:prePrune ├── ast-types@0.8.5
20 silly idealTree:prePrune ├── astw@2.0.0
20 silly idealTree:prePrune ├── async-each@0.1.6
20 silly idealTree:prePrune ├─┬ babel-core@5.8.25
20 silly idealTree:prePrune │ ├── path-exists@1.0.0
20 silly idealTree:prePrune │ └── repeating@1.1.3
20 silly idealTree:prePrune ├── babel-plugin-constant-folding@1.0.1
20 silly idealTree:prePrune ├── babel-plugin-dead-code-elimination@1.0.2
20 silly idealTree:prePrune ├── babel-plugin-eval@1.0.1
20 silly idealTree:prePrune ├── babel-plugin-inline-environment-variables@1.0.1
20 silly idealTree:prePrune ├── babel-plugin-jscript@1.0.4
20 silly idealTree:prePrune ├── babel-plugin-member-expression-literals@1.0.1
20 silly idealTree:prePrune ├── babel-plugin-property-literals@1.0.1
20 silly idealTree:prePrune ├── babel-plugin-proto-to-assign@1.0.4
20 silly idealTree:prePrune ├── babel-plugin-react-constant-elements@1.0.3
20 silly idealTree:prePrune ├── babel-plugin-react-display-name@1.0.3
20 silly idealTree:prePrune ├── babel-plugin-remove-console@1.0.1
20 silly idealTree:prePrune ├── babel-plugin-remove-debugger@1.0.1
20 silly idealTree:prePrune ├── babel-plugin-runtime@1.0.7
20 silly idealTree:prePrune ├── babel-plugin-undeclared-variables-check@1.0.2
20 silly idealTree:prePrune ├── babel-plugin-undefined-to-void@1.1.6
20 silly idealTree:prePrune ├── babelify@6.3.0
20 silly idealTree:prePrune ├── babylon@5.8.23
20 silly idealTree:prePrune ├── balanced-match@0.2.0
20 silly idealTree:prePrune ├── base64-js@0.0.8
20 silly idealTree:prePrune ├── beeper@1.1.0
20 silly idealTree:prePrune ├── binary-extensions@1.3.1
20 silly idealTree:prePrune ├─┬ bl@0.9.4
20 silly idealTree:prePrune │ └── readable-stream@1.0.33
20 silly idealTree:prePrune ├── bluebird@2.10.2
20 silly idealTree:prePrune ├── bn.js@2.2.0
20 silly idealTree:prePrune ├── brace-expansion@1.1.1
20 silly idealTree:prePrune ├── braces@1.8.1
20 silly idealTree:prePrune ├── breakable@1.0.0
20 silly idealTree:prePrune ├── brorand@1.0.5
20 silly idealTree:prePrune ├─┬ browser-pack@5.0.1
20 silly idealTree:prePrune │ └── through2@1.1.1
20 silly idealTree:prePrune ├── browser-resolve@1.9.1
20 silly idealTree:prePrune ├── browserify-aes@1.0.5
20 silly idealTree:prePrune ├── browserify-cipher@1.0.0
20 silly idealTree:prePrune ├── browserify-des@1.0.0
20 silly idealTree:prePrune ├── browserify-rsa@2.0.1
20 silly idealTree:prePrune ├── browserify-sign@3.0.8
20 silly idealTree:prePrune ├── browserify-zlib@0.1.4
20 silly idealTree:prePrune ├─┬ browserify@11.2.0
20 silly idealTree:prePrune │ ├── glob@4.5.3
20 silly idealTree:prePrune │ ├── readable-stream@2.0.2
20 silly idealTree:prePrune │ └─┬ through2@1.1.1
20 silly idealTree:prePrune │   └── readable-stream@1.1.13
20 silly idealTree:prePrune ├── buffer-xor@1.0.3
20 silly idealTree:prePrune ├── buffer@3.5.1
20 silly idealTree:prePrune ├── builtin-modules@1.1.0
20 silly idealTree:prePrune ├── builtin-status-codes@1.0.0
20 silly idealTree:prePrune ├── builtins@0.0.7
20 silly idealTree:prePrune ├── camelcase-keys@1.0.0
20 silly idealTree:prePrune ├── camelcase@1.2.1
20 silly idealTree:prePrune ├── center-align@0.1.1
20 silly idealTree:prePrune ├── chalk@1.1.1
20 silly idealTree:prePrune ├─┬ chokidar@1.2.0
20 silly idealTree:prePrune │ └── is-glob@2.0.1
20 silly idealTree:prePrune ├── cipher-base@1.0.1
20 silly idealTree:prePrune ├── cliui@2.1.0
20 silly idealTree:prePrune ├── clone-stats@0.0.1
20 silly idealTree:prePrune ├── clone@1.0.2
20 silly idealTree:prePrune ├── combine-source-map@0.6.1
20 silly idealTree:prePrune ├── commander@2.5.1
20 silly idealTree:prePrune ├── commondir@0.0.1
20 silly idealTree:prePrune ├─┬ commoner@0.10.3
20 silly idealTree:prePrune │ ├── glob@4.2.2
20 silly idealTree:prePrune │ ├── graceful-fs@3.0.8
20 silly idealTree:prePrune │ └── minimatch@1.0.0
20 silly idealTree:prePrune ├── concat-map@0.0.1
20 silly idealTree:prePrune ├── concat-stream@1.4.10
20 silly idealTree:prePrune ├─┬ concat-with-sourcemaps@1.0.4
20 silly idealTree:prePrune │ └── source-map@0.5.1
20 silly idealTree:prePrune ├── console-browserify@1.1.0
20 silly idealTree:prePrune ├── constants-browserify@0.0.1
20 silly idealTree:prePrune ├── convert-source-map@1.1.1
20 silly idealTree:prePrune ├── core-js@1.2.1
20 silly idealTree:prePrune ├── core-util-is@1.0.1
20 silly idealTree:prePrune ├── create-ecdh@2.0.2
20 silly idealTree:prePrune ├── create-hash@1.1.2
20 silly idealTree:prePrune ├── create-hmac@1.1.4
20 silly idealTree:prePrune ├── crypto-browserify@3.10.0
20 silly idealTree:prePrune ├── date-now@0.1.4
20 silly idealTree:prePrune ├── dateformat@1.0.11
20 silly idealTree:prePrune ├── debug@2.2.0
20 silly idealTree:prePrune ├── decamelize@1.0.0
20 silly idealTree:prePrune ├── deep-is@0.1.3
20 silly idealTree:prePrune ├── defaults@1.0.3
20 silly idealTree:prePrune ├── defined@1.0.0
20 silly idealTree:prePrune ├─┬ defs@1.1.1
20 silly idealTree:prePrune │ └── esprima-fb@15001.1001.0-dev-harmony-fb
20 silly idealTree:prePrune ├── deprecated@0.0.1
20 silly idealTree:prePrune ├─┬ deps-sort@1.3.9
20 silly idealTree:prePrune │ └── through2@1.1.1
20 silly idealTree:prePrune ├── des.js@1.0.0
20 silly idealTree:prePrune ├─┬ detect-indent@3.0.1
20 silly idealTree:prePrune │ ├── get-stdin@4.0.1
20 silly idealTree:prePrune │ └── repeating@1.1.3
20 silly idealTree:prePrune ├── detective@4.2.0
20 silly idealTree:prePrune ├── diffie-hellman@3.0.2
20 silly idealTree:prePrune ├── domain-browser@1.1.4
20 silly idealTree:prePrune ├── duplexer2@0.0.2
20 silly idealTree:prePrune ├── elliptic@3.1.0
20 silly idealTree:prePrune ├── end-of-stream@0.1.5
20 silly idealTree:prePrune ├── error-ex@1.2.0
20 silly idealTree:prePrune ├── escape-string-regexp@1.0.3
20 silly idealTree:prePrune ├─┬ escodegen@1.7.0
20 silly idealTree:prePrune │ ├── esprima@1.2.5
20 silly idealTree:prePrune │ └── source-map@0.2.0
20 silly idealTree:prePrune ├── esprima-fb@15001.1.0-dev-harmony-fb
20 silly idealTree:prePrune ├── estraverse@1.9.3
20 silly idealTree:prePrune ├── esutils@2.0.2
20 silly idealTree:prePrune ├── events@1.0.2
20 silly idealTree:prePrune ├── evp_bytestokey@1.0.0
20 silly idealTree:prePrune ├── expand-brackets@0.1.4
20 silly idealTree:prePrune ├── expand-range@1.8.1
20 silly idealTree:prePrune ├── extend@2.0.1
20 silly idealTree:prePrune ├── extglob@0.3.1
20 silly idealTree:prePrune ├── fast-levenshtein@1.0.7
20 silly idealTree:prePrune ├── filename-regex@2.0.0
20 silly idealTree:prePrune ├── fill-range@2.2.2
20 silly idealTree:prePrune ├── find-index@0.1.1
20 silly idealTree:prePrune ├── find-up@1.0.0
20 silly idealTree:prePrune ├── findup-sync@0.3.0
20 silly idealTree:prePrune ├── first-chunk-stream@1.0.0
20 silly idealTree:prePrune ├── flagged-respawn@0.3.1
20 silly idealTree:prePrune ├── for-in@0.1.4
20 silly idealTree:prePrune ├── for-own@0.1.3
20 silly idealTree:prePrune ├── foreach@2.0.5
20 silly idealTree:prePrune ├── fs-readdir-recursive@0.1.2
20 silly idealTree:prePrune ├─┬ fsevents@1.0.2
20 silly idealTree:prePrune │ └─┬ node-pre-gyp@0.6.12
20 silly idealTree:prePrune │   ├─┬ mkdirp@0.5.1
20 silly idealTree:prePrune │   │ └── minimist@0.0.8
20 silly idealTree:prePrune │   ├─┬ nopt@3.0.4
20 silly idealTree:prePrune │   │ └── abbrev@1.0.7
20 silly idealTree:prePrune │   ├─┬ npmlog@1.2.1
20 silly idealTree:prePrune │   │ ├── ansi@0.3.0
20 silly idealTree:prePrune │   │ ├─┬ are-we-there-yet@1.0.4
20 silly idealTree:prePrune │   │ │ ├── delegates@0.1.0
20 silly idealTree:prePrune │   │ │ └─┬ readable-stream@1.1.13
20 silly idealTree:prePrune │   │ │   ├── core-util-is@1.0.1
20 silly idealTree:prePrune │   │ │   ├── inherits@2.0.1
20 silly idealTree:prePrune │   │ │   ├── isarray@0.0.1
20 silly idealTree:prePrune │   │ │   └── string_decoder@0.10.31
20 silly idealTree:prePrune │   │ └─┬ gauge@1.2.2
20 silly idealTree:prePrune │   │   ├── has-unicode@1.0.0
20 silly idealTree:prePrune │   │   ├─┬ lodash.pad@3.1.1
20 silly idealTree:prePrune │   │   │ ├── lodash._basetostring@3.0.1
20 silly idealTree:prePrune │   │   │ └─┬ lodash._createpadding@3.6.1
20 silly idealTree:prePrune │   │   │   └── lodash.repeat@3.0.1
20 silly idealTree:prePrune │   │   ├─┬ lodash.padleft@3.1.1
20 silly idealTree:prePrune │   │   │ ├── lodash._basetostring@3.0.1
20 silly idealTree:prePrune │   │   │ └─┬ lodash._createpadding@3.6.1
20 silly idealTree:prePrune │   │   │   └── lodash.repeat@3.0.1
20 silly idealTree:prePrune │   │   └─┬ lodash.padright@3.1.1
20 silly idealTree:prePrune │   │     ├── lodash._basetostring@3.0.1
20 silly idealTree:prePrune │   │     └─┬ lodash._createpadding@3.6.1
20 silly idealTree:prePrune │   │       └── lodash.repeat@3.0.1
20 silly idealTree:prePrune │   ├─┬ rc@1.1.2
20 silly idealTree:prePrune │   │ ├── deep-extend@0.2.11
20 silly idealTree:prePrune │   │ ├── ini@1.3.4
20 silly idealTree:prePrune │   │ ├── minimist@1.2.0
20 silly idealTree:prePrune │   │ └── strip-json-comments@0.1.3
20 silly idealTree:prePrune │   ├─┬ request@2.64.0
20 silly idealTree:prePrune │   │ ├── aws-sign2@0.5.0
20 silly idealTree:prePrune │   │ ├─┬ bl@1.0.0
20 silly idealTree:prePrune │   │ │ └─┬ readable-stream@2.0.2
20 silly idealTree:prePrune │   │ │   ├── core-util-is@1.0.1
20 silly idealTree:prePrune │   │ │   ├── inherits@2.0.1
20 silly idealTree:prePrune │   │ │   ├── isarray@0.0.1
20 silly idealTree:prePrune │   │ │   ├── process-nextick-args@1.0.3
20 silly idealTree:prePrune │   │ │   ├── string_decoder@0.10.31
20 silly idealTree:prePrune │   │ │   └── util-deprecate@1.0.1
20 silly idealTree:prePrune │   │ ├── caseless@0.11.0
20 silly idealTree:prePrune │   │ ├─┬ combined-stream@1.0.5
20 silly idealTree:prePrune │   │ │ └── delayed-stream@1.0.0
20 silly idealTree:prePrune │   │ ├── extend@3.0.0
20 silly idealTree:prePrune │   │ ├── forever-agent@0.6.1
20 silly idealTree:prePrune │   │ ├─┬ form-data@1.0.0-rc3
20 silly idealTree:prePrune │   │ │ └── async@1.4.2
20 silly idealTree:prePrune │   │ ├─┬ har-validator@1.8.0
20 silly idealTree:prePrune │   │ │ ├── bluebird@2.10.2
20 silly idealTree:prePrune │   │ │ ├─┬ chalk@1.1.1
20 silly idealTree:prePrune │   │ │ │ ├── ansi-styles@2.1.0
20 silly idealTree:prePrune │   │ │ │ ├── escape-string-regexp@1.0.3
20 silly idealTree:prePrune │   │ │ │ ├─┬ has-ansi@2.0.0
20 silly idealTree:prePrune │   │ │ │ │ └── ansi-regex@2.0.0
20 silly idealTree:prePrune │   │ │ │ ├─┬ strip-ansi@3.0.0
20 silly idealTree:prePrune │   │ │ │ │ └── ansi-regex@2.0.0
20 silly idealTree:prePrune │   │ │ │ └── supports-color@2.0.0
20 silly idealTree:prePrune │   │ │ ├─┬ commander@2.8.1
20 silly idealTree:prePrune │   │ │ │ └── graceful-readlink@1.0.1
20 silly idealTree:prePrune │   │ │ └─┬ is-my-json-valid@2.12.2
20 silly idealTree:prePrune │   │ │   ├── generate-function@2.0.0
20 silly idealTree:prePrune │   │ │   ├─┬ generate-object-property@1.2.0
20 silly idealTree:prePrune │   │ │   │ └── is-property@1.0.2
20 silly idealTree:prePrune │   │ │   ├── jsonpointer@2.0.0
20 silly idealTree:prePrune │   │ │   └── xtend@4.0.0
20 silly idealTree:prePrune │   │ ├─┬ hawk@3.1.0
20 silly idealTree:prePrune │   │ │ ├── boom@2.9.0
20 silly idealTree:prePrune │   │ │ ├── cryptiles@2.0.5
20 silly idealTree:prePrune │   │ │ ├── hoek@2.16.3
20 silly idealTree:prePrune │   │ │ └── sntp@1.0.9
20 silly idealTree:prePrune │   │ ├─┬ http-signature@0.11.0
20 silly idealTree:prePrune │   │ │ ├── asn1@0.1.11
20 silly idealTree:prePrune │   │ │ ├── assert-plus@0.1.5
20 silly idealTree:prePrune │   │ │ └── ctype@0.5.3
20 silly idealTree:prePrune │   │ ├── isstream@0.1.2
20 silly idealTree:prePrune │   │ ├── json-stringify-safe@5.0.1
20 silly idealTree:prePrune │   │ ├─┬ mime-types@2.1.7
20 silly idealTree:prePrune │   │ │ └── mime-db@1.19.0
20 silly idealTree:prePrune │   │ ├── node-uuid@1.4.3
20 silly idealTree:prePrune │   │ ├── oauth-sign@0.8.0
20 silly idealTree:prePrune │   │ ├── qs@5.1.0
20 silly idealTree:prePrune │   │ ├── stringstream@0.0.4
20 silly idealTree:prePrune │   │ ├── tough-cookie@2.1.0
20 silly idealTree:prePrune │   │ └── tunnel-agent@0.4.1
20 silly idealTree:prePrune │   ├─┬ rimraf@2.4.3
20 silly idealTree:prePrune │   │ └─┬ glob@5.0.15
20 silly idealTree:prePrune │   │   ├─┬ inflight@1.0.4
20 silly idealTree:prePrune │   │   │ └── wrappy@1.0.1
20 silly idealTree:prePrune │   │   ├── inherits@2.0.1
20 silly idealTree:prePrune │   │   ├─┬ minimatch@3.0.0
20 silly idealTree:prePrune │   │   │ └─┬ brace-expansion@1.1.1
20 silly idealTree:prePrune │   │   │   ├── balanced-match@0.2.0
20 silly idealTree:prePrune │   │   │   └── concat-map@0.0.1
20 silly idealTree:prePrune │   │   ├─┬ once@1.3.2
20 silly idealTree:prePrune │   │   │ └── wrappy@1.0.1
20 silly idealTree:prePrune │   │   └── path-is-absolute@1.0.0
20 silly idealTree:prePrune │   ├── semver@5.0.3
20 silly idealTree:prePrune │   ├─┬ tar-pack@2.0.0
20 silly idealTree:prePrune │   │ ├── debug@0.7.4
20 silly idealTree:prePrune │   │ ├─┬ fstream-ignore@0.0.7
20 silly idealTree:prePrune │   │ │ ├── inherits@2.0.1
20 silly idealTree:prePrune │   │ │ └─┬ minimatch@0.2.14
20 silly idealTree:prePrune │   │ │   ├── lru-cache@2.7.0
20 silly idealTree:prePrune │   │ │   └── sigmund@1.0.1
20 silly idealTree:prePrune │   │ ├─┬ fstream@0.1.31
20 silly idealTree:prePrune │   │ │ ├── graceful-fs@3.0.8
20 silly idealTree:prePrune │   │ │ └── inherits@2.0.1
20 silly idealTree:prePrune │   │ ├── graceful-fs@1.2.3
20 silly idealTree:prePrune │   │ ├── once@1.1.1
20 silly idealTree:prePrune │   │ ├─┬ readable-stream@1.0.33
20 silly idealTree:prePrune │   │ │ ├── core-util-is@1.0.1
20 silly idealTree:prePrune │   │ │ ├── inherits@2.0.1
20 silly idealTree:prePrune │   │ │ ├── isarray@0.0.1
20 silly idealTree:prePrune │   │ │ └── string_decoder@0.10.31
20 silly idealTree:prePrune │   │ ├── rimraf@2.2.8
20 silly idealTree:prePrune │   │ ├─┬ tar@0.1.20
20 silly idealTree:prePrune │   │ │ ├── block-stream@0.0.8
20 silly idealTree:prePrune │   │ │ └── inherits@2.0.1
20 silly idealTree:prePrune │   │ └── uid-number@0.0.3
20 silly idealTree:prePrune │   └─┬ tar@2.2.1
20 silly idealTree:prePrune │     ├── block-stream@0.0.8
20 silly idealTree:prePrune │     ├─┬ fstream@1.0.8
20 silly idealTree:prePrune │     │ └── graceful-fs@4.1.2
20 silly idealTree:prePrune │     └── inherits@2.0.1
20 silly idealTree:prePrune ├── function-bind@1.0.2
20 silly idealTree:prePrune ├── gaze@0.5.2
20 silly idealTree:prePrune ├── get-stdin@5.0.0
20 silly idealTree:prePrune ├─┬ glob-base@0.3.0
20 silly idealTree:prePrune │ └── is-glob@2.0.1
20 silly idealTree:prePrune ├─┬ glob-parent@2.0.0
20 silly idealTree:prePrune │ └── is-glob@2.0.1
20 silly idealTree:prePrune ├─┬ glob-stream@3.1.18
20 silly idealTree:prePrune │ └── glob@4.5.3
20 silly idealTree:prePrune ├── glob-watcher@0.0.6
20 silly idealTree:prePrune ├── glob2base@0.0.12
20 silly idealTree:prePrune ├── glob@5.0.15
20 silly idealTree:prePrune ├── globals@6.4.1
20 silly idealTree:prePrune ├─┬ globule@0.1.0
20 silly idealTree:prePrune │ ├── glob@3.1.21
20 silly idealTree:prePrune │ ├── graceful-fs@1.2.3
20 silly idealTree:prePrune │ ├── inherits@1.0.2
20 silly idealTree:prePrune │ ├── lodash@1.0.2
20 silly idealTree:prePrune │ └── minimatch@0.2.14
20 silly idealTree:prePrune ├── graceful-fs@4.1.2
20 silly idealTree:prePrune ├─┬ gulp-babel@5.2.1
20 silly idealTree:prePrune │ ├── readable-stream@2.0.2
20 silly idealTree:prePrune │ └── through2@2.0.0
20 silly idealTree:prePrune ├── gulp-compass@2.1.0
20 silly idealTree:prePrune ├── gulp-concat@2.6.0
20 silly idealTree:prePrune ├── gulp-rename@1.2.2
20 silly idealTree:prePrune ├─┬ gulp-sourcemaps@1.6.0
20 silly idealTree:prePrune │ ├── readable-stream@2.0.2
20 silly idealTree:prePrune │ ├── through2@2.0.0
20 silly idealTree:prePrune │ └── vinyl@1.0.0
20 silly idealTree:prePrune ├─┬ gulp-util@3.0.6
20 silly idealTree:prePrune │ ├── readable-stream@2.0.2
20 silly idealTree:prePrune │ └── through2@2.0.0
20 silly idealTree:prePrune ├─┬ gulp@3.9.0
20 silly idealTree:prePrune │ └── semver@4.3.6
20 silly idealTree:prePrune ├── has-ansi@2.0.0
20 silly idealTree:prePrune ├── has@1.0.1
20 silly idealTree:prePrune ├── hash.js@1.0.3
20 silly idealTree:prePrune ├── home-or-tmp@1.0.0
20 silly idealTree:prePrune ├── hosted-git-info@2.1.4
20 silly idealTree:prePrune ├── htmlescape@1.1.0
20 silly idealTree:prePrune ├── https-browserify@0.0.1
20 silly idealTree:prePrune ├── iconv-lite@0.4.13
20 silly idealTree:prePrune ├── ieee754@1.1.6
20 silly idealTree:prePrune ├── indent-string@2.1.0
20 silly idealTree:prePrune ├── indexof@0.0.1
20 silly idealTree:prePrune ├── inflight@1.0.4
20 silly idealTree:prePrune ├── inherits@2.0.1
20 silly idealTree:prePrune ├── inline-source-map@0.5.0
20 silly idealTree:prePrune ├─┬ insert-module-globals@6.6.0
20 silly idealTree:prePrune │ └── through2@1.1.1
20 silly idealTree:prePrune ├── install@0.1.8
20 silly idealTree:prePrune ├── interpret@0.6.6
20 silly idealTree:prePrune ├── invert-kv@1.0.0
20 silly idealTree:prePrune ├── is-absolute@0.1.7
20 silly idealTree:prePrune ├── is-array@1.0.1
20 silly idealTree:prePrune ├── is-binary-path@1.0.1
20 silly idealTree:prePrune ├── is-buffer@1.1.0
20 silly idealTree:prePrune ├── is-builtin-module@1.0.0
20 silly idealTree:prePrune ├── is-dotfile@1.0.1
20 silly idealTree:prePrune ├── is-equal-shallow@0.1.3
20 silly idealTree:prePrune ├── is-extglob@1.0.0
20 silly idealTree:prePrune ├── is-finite@1.0.1
20 silly idealTree:prePrune ├── is-glob@1.1.3
20 silly idealTree:prePrune ├── is-integer@1.0.6
20 silly idealTree:prePrune ├── is-number@1.1.2
20 silly idealTree:prePrune ├── is-primitive@2.0.0
20 silly idealTree:prePrune ├── is-relative@0.1.3
20 silly idealTree:prePrune ├── is-utf8@0.2.0
20 silly idealTree:prePrune ├── isarray@0.0.1
20 silly idealTree:prePrune ├── isobject@1.0.2
20 silly idealTree:prePrune ├── js-tokens@1.0.1
20 silly idealTree:prePrune ├── jsesc@0.5.0
20 silly idealTree:prePrune ├── json-stable-stringify@0.0.1
20 silly idealTree:prePrune ├── json5@0.4.0
20 silly idealTree:prePrune ├── jsonify@0.0.0
20 silly idealTree:prePrune ├── jsonparse@1.1.0
20 silly idealTree:prePrune ├── kind-of@2.0.1
20 silly idealTree:prePrune ├── labeled-stream-splicer@1.0.2
20 silly idealTree:prePrune ├── lazy-cache@0.2.3
20 silly idealTree:prePrune ├── lcid@1.0.0
20 silly idealTree:prePrune ├── left-pad@0.0.3
20 silly idealTree:prePrune ├── leven@1.0.2
20 silly idealTree:prePrune ├── levn@0.2.5
20 silly idealTree:prePrune ├── lexical-scope@1.2.0
20 silly idealTree:prePrune ├── liftoff@2.2.0
20 silly idealTree:prePrune ├── line-numbers@0.2.0
20 silly idealTree:prePrune ├── load-json-file@1.0.1
20 silly idealTree:prePrune ├── lodash._basecopy@3.0.1
20 silly idealTree:prePrune ├── lodash._baseflatten@3.1.4
20 silly idealTree:prePrune ├── lodash._basetostring@3.0.1
20 silly idealTree:prePrune ├── lodash._basevalues@3.0.0
20 silly idealTree:prePrune ├── lodash._getnative@3.9.1
20 silly idealTree:prePrune ├── lodash._isiterateecall@3.0.9
20 silly idealTree:prePrune ├── lodash._reescape@3.0.0
20 silly idealTree:prePrune ├── lodash._reevaluate@3.0.0
20 silly idealTree:prePrune ├── lodash._reinterpolate@3.0.0
20 silly idealTree:prePrune ├── lodash.escape@3.0.0
20 silly idealTree:prePrune ├── lodash.flatten@3.0.2
20 silly idealTree:prePrune ├── lodash.isarguments@3.0.4
20 silly idealTree:prePrune ├── lodash.isarray@3.0.4
20 silly idealTree:prePrune ├── lodash.keys@3.1.2
20 silly idealTree:prePrune ├── lodash.memoize@3.0.4
20 silly idealTree:prePrune ├── lodash.restparam@3.6.1
20 silly idealTree:prePrune ├── lodash.template@3.6.2
20 silly idealTree:prePrune ├── lodash.templatesettings@3.1.0
20 silly idealTree:prePrune ├── lodash@3.10.1
20 silly idealTree:prePrune ├── longest@1.0.1
20 silly idealTree:prePrune ├── loud-rejection@1.0.0
20 silly idealTree:prePrune ├── lru-cache@2.7.0
20 silly idealTree:prePrune ├── map-obj@1.0.1
20 silly idealTree:prePrune ├─┬ meow@3.4.2
20 silly idealTree:prePrune │ └── object-assign@4.0.1
20 silly idealTree:prePrune ├─┬ micromatch@2.2.0
20 silly idealTree:prePrune │ └── kind-of@1.1.0
20 silly idealTree:prePrune ├── miller-rabin@2.0.1
20 silly idealTree:prePrune ├── minimalistic-assert@1.0.0
20 silly idealTree:prePrune ├── minimatch@2.0.10
20 silly idealTree:prePrune ├── minimist@1.2.0
20 silly idealTree:prePrune ├─┬ mkdirp@0.5.1
20 silly idealTree:prePrune │ └── minimist@0.0.8
20 silly idealTree:prePrune ├─┬ module-deps@3.9.1
20 silly idealTree:prePrune │ └── through2@1.1.1
20 silly idealTree:prePrune ├── ms@0.7.1
20 silly idealTree:prePrune ├── multipipe@0.1.2
20 silly idealTree:prePrune ├── nan@2.1.0
20 silly idealTree:prePrune ├── normalize-package-data@2.3.4
20 silly idealTree:prePrune ├── number-is-nan@1.0.0
20 silly idealTree:prePrune ├── object-assign@3.0.0
20 silly idealTree:prePrune ├── object-keys@1.0.7
20 silly idealTree:prePrune ├── object.omit@1.1.0
20 silly idealTree:prePrune ├── once@1.3.2
20 silly idealTree:prePrune ├── optionator@0.5.0
20 silly idealTree:prePrune ├── orchestrator@0.3.7
20 silly idealTree:prePrune ├── ordered-read-streams@0.1.0
20 silly idealTree:prePrune ├── os-browserify@0.1.2
20 silly idealTree:prePrune ├── os-homedir@1.0.1
20 silly idealTree:prePrune ├── os-locale@1.4.0
20 silly idealTree:prePrune ├── os-tmpdir@1.0.1
20 silly idealTree:prePrune ├─┬ outpipe@1.1.1
20 silly idealTree:prePrune │ └── shell-quote@1.4.3
20 silly idealTree:prePrune ├── output-file-sync@1.1.1
20 silly idealTree:prePrune ├── pako@0.2.8
20 silly idealTree:prePrune ├── parents@1.0.1
20 silly idealTree:prePrune ├── parse-asn1@3.0.2
20 silly idealTree:prePrune ├─┬ parse-glob@3.0.4
20 silly idealTree:prePrune │ └── is-glob@2.0.1
20 silly idealTree:prePrune ├── parse-json@2.2.0
20 silly idealTree:prePrune ├── path-browserify@0.0.0
20 silly idealTree:prePrune ├── path-exists@2.0.0
20 silly idealTree:prePrune ├── path-is-absolute@1.0.0
20 silly idealTree:prePrune ├── path-platform@0.11.15
20 silly idealTree:prePrune ├── path-type@1.0.0
20 silly idealTree:prePrune ├── pbkdf2@3.0.4
20 silly idealTree:prePrune ├── pify@2.2.0
20 silly idealTree:prePrune ├── pinkie-promise@1.0.0
20 silly idealTree:prePrune ├── pinkie@1.0.0
20 silly idealTree:prePrune ├── prelude-ls@1.1.2
20 silly idealTree:prePrune ├── preserve@0.2.0
20 silly idealTree:prePrune ├── pretty-hrtime@1.0.1
20 silly idealTree:prePrune ├── private@0.1.6
20 silly idealTree:prePrune ├── process-nextick-args@1.0.3
20 silly idealTree:prePrune ├── process@0.11.2
20 silly idealTree:prePrune ├── public-encrypt@2.0.1
20 silly idealTree:prePrune ├── punycode@1.3.2
20 silly idealTree:prePrune ├── q@1.1.2
20 silly idealTree:prePrune ├── querystring-es3@0.2.1
20 silly idealTree:prePrune ├── querystring@0.2.0
20 silly idealTree:prePrune ├─┬ randomatic@1.1.0
20 silly idealTree:prePrune │ └── kind-of@1.1.0
20 silly idealTree:prePrune ├── randombytes@2.0.1
20 silly idealTree:prePrune ├── read-only-stream@1.1.1
20 silly idealTree:prePrune ├── read-pkg-up@1.0.1
20 silly idealTree:prePrune ├── read-pkg@1.1.0
20 silly idealTree:prePrune ├── readable-stream@1.1.13
20 silly idealTree:prePrune ├── readable-wrap@1.0.0
20 silly idealTree:prePrune ├─┬ readdirp@2.0.0
20 silly idealTree:prePrune │ └── readable-stream@2.0.2
20 silly idealTree:prePrune ├── recast@0.10.24
20 silly idealTree:prePrune ├── rechoir@0.6.2
20 silly idealTree:prePrune ├── redent@1.0.0
20 silly idealTree:prePrune ├── regenerate@1.2.1
20 silly idealTree:prePrune ├── regenerator@0.8.35
20 silly idealTree:prePrune ├── regex-cache@0.4.2
20 silly idealTree:prePrune ├─┬ regexpu@1.3.0
20 silly idealTree:prePrune │ └── esprima@2.6.0
20 silly idealTree:prePrune ├── regjsgen@0.2.0
20 silly idealTree:prePrune ├── regjsparser@0.1.5
20 silly idealTree:prePrune ├── repeat-element@1.1.2
20 silly idealTree:prePrune ├── repeat-string@1.5.2
20 silly idealTree:prePrune ├── repeating@2.0.0
20 silly idealTree:prePrune ├── replace-ext@0.0.1
20 silly idealTree:prePrune ├── resolve@1.1.6
20 silly idealTree:prePrune ├── right-align@0.1.3
20 silly idealTree:prePrune ├── ripemd160@1.0.1
20 silly idealTree:prePrune ├── semver@5.0.3
20 silly idealTree:prePrune ├── sequencify@0.0.7
20 silly idealTree:prePrune ├── sha.js@2.4.4
20 silly idealTree:prePrune ├── shasum@1.0.2
20 silly idealTree:prePrune ├── shebang-regex@1.0.0
20 silly idealTree:prePrune ├── shell-quote@0.0.1
20 silly idealTree:prePrune ├── sigmund@1.0.1
20 silly idealTree:prePrune ├── simple-fmt@0.1.0
20 silly idealTree:prePrune ├── simple-is@0.2.0
20 silly idealTree:prePrune ├── slash@1.0.0
20 silly idealTree:prePrune ├─┬ source-map-support@0.2.10
20 silly idealTree:prePrune │ └── source-map@0.1.32
20 silly idealTree:prePrune ├── source-map@0.4.4
20 silly idealTree:prePrune ├── spdx-correct@1.0.1
20 silly idealTree:prePrune ├── spdx-exceptions@1.0.3
20 silly idealTree:prePrune ├── spdx-expression-parse@1.0.0
20 silly idealTree:prePrune ├── spdx-license-ids@1.0.2
20 silly idealTree:prePrune ├── stable@0.1.5
20 silly idealTree:prePrune ├─┬ stream-browserify@2.0.1
20 silly idealTree:prePrune │ └── readable-stream@2.0.2
20 silly idealTree:prePrune ├─┬ stream-combiner2@1.0.2
20 silly idealTree:prePrune │ ├── readable-stream@1.0.33
20 silly idealTree:prePrune │ ├── through2@0.5.1
20 silly idealTree:prePrune │ └── xtend@3.0.0
20 silly idealTree:prePrune ├── stream-consume@0.1.0
20 silly idealTree:prePrune ├── stream-http@1.7.1
20 silly idealTree:prePrune ├─┬ stream-splicer@1.3.2
20 silly idealTree:prePrune │ └── through2@1.1.1
20 silly idealTree:prePrune ├── string_decoder@0.10.31
20 silly idealTree:prePrune ├── stringmap@0.2.2
20 silly idealTree:prePrune ├── stringset@0.2.1
20 silly idealTree:prePrune ├── strip-ansi@3.0.0
20 silly idealTree:prePrune ├── strip-bom@2.0.0
20 silly idealTree:prePrune ├─┬ strip-indent@1.0.1
20 silly idealTree:prePrune │ └── get-stdin@4.0.1
20 silly idealTree:prePrune ├── subarg@1.0.0
20 silly idealTree:prePrune ├── success-symbol@0.1.0
20 silly idealTree:prePrune ├── supports-color@2.0.0
20 silly idealTree:prePrune ├── syntax-error@1.1.4
20 silly idealTree:prePrune ├─┬ through2@0.6.5
20 silly idealTree:prePrune │ └── readable-stream@1.0.33
20 silly idealTree:prePrune ├── through@2.3.8
20 silly idealTree:prePrune ├── tildify@1.1.2
20 silly idealTree:prePrune ├── timers-browserify@1.4.1
20 silly idealTree:prePrune ├── to-fast-properties@1.0.1
20 silly idealTree:prePrune ├── trim-newlines@1.0.0
20 silly idealTree:prePrune ├── trim-right@1.0.1
20 silly idealTree:prePrune ├── try-resolve@1.0.1
20 silly idealTree:prePrune ├── tryor@0.1.2
20 silly idealTree:prePrune ├── tty-browserify@0.0.0
20 silly idealTree:prePrune ├── type-check@0.3.1
20 silly idealTree:prePrune ├── typedarray@0.0.6
20 silly idealTree:prePrune ├── umd@3.0.1
20 silly idealTree:prePrune ├── unique-stream@1.0.0
20 silly idealTree:prePrune ├── url@0.10.3
20 silly idealTree:prePrune ├── user-home@1.1.1
20 silly idealTree:prePrune ├── util-deprecate@1.0.2
20 silly idealTree:prePrune ├── util@0.10.3
20 silly idealTree:prePrune ├── v8flags@2.0.10
20 silly idealTree:prePrune ├── validate-npm-package-license@3.0.1
20 silly idealTree:prePrune ├── vinyl-buffer@1.0.0
20 silly idealTree:prePrune ├─┬ vinyl-fs@0.3.14
20 silly idealTree:prePrune │ ├── clone@0.2.0
20 silly idealTree:prePrune │ ├── graceful-fs@3.0.8
20 silly idealTree:prePrune │ ├── strip-bom@1.0.0
20 silly idealTree:prePrune │ └── vinyl@0.4.6
20 silly idealTree:prePrune ├─┬ vinyl-source-stream@1.1.0
20 silly idealTree:prePrune │ ├── clone@0.2.0
20 silly idealTree:prePrune │ └── vinyl@0.4.6
20 silly idealTree:prePrune ├─┬ vinyl-sourcemaps-apply@0.1.4
20 silly idealTree:prePrune │ └── source-map@0.1.43
20 silly idealTree:prePrune ├── vinyl@0.5.3
20 silly idealTree:prePrune ├── vm-browserify@0.0.4
20 silly idealTree:prePrune ├── watchify@3.4.0
20 silly idealTree:prePrune ├── which@1.2.0
20 silly idealTree:prePrune ├── window-size@0.1.2
20 silly idealTree:prePrune ├── wordwrap@0.0.2
20 silly idealTree:prePrune ├── wrappy@1.0.1
20 silly idealTree:prePrune ├── xtend@4.0.0
20 silly idealTree:prePrune ├── y18n@3.2.0
20 silly idealTree:prePrune └── yargs@3.27.0
21 silly loadIdealTree Finishing
22 silly currentTree sequoiasnow.com@0.0.1
22 silly currentTree ├── JSONStream@1.0.6
22 silly currentTree ├── acorn@1.2.2
22 silly currentTree ├── align-text@0.1.3
22 silly currentTree ├── alter@0.2.0
22 silly currentTree ├── amdefine@1.0.0
22 silly currentTree ├── ansi-green@0.1.1
22 silly currentTree ├── ansi-regex@2.0.0
22 silly currentTree ├── ansi-styles@2.1.0
22 silly currentTree ├── ansi-wrap@0.1.0
22 silly currentTree ├── anymatch@1.3.0
22 silly currentTree ├── archy@1.0.0
22 silly currentTree ├── arr-diff@1.1.0
22 silly currentTree ├── arr-flatten@1.0.1
22 silly currentTree ├── array-differ@1.0.0
22 silly currentTree ├── array-filter@0.0.1
22 silly currentTree ├── array-map@0.0.0
22 silly currentTree ├── array-reduce@0.0.0
22 silly currentTree ├── array-slice@0.2.3
22 silly currentTree ├── array-uniq@1.0.2
22 silly currentTree ├── array-unique@0.2.1
22 silly currentTree ├── arrify@1.0.0
22 silly currentTree ├── asn1.js@2.2.1
22 silly currentTree ├── assert@1.3.0
22 silly currentTree ├── ast-traverse@0.1.1
22 silly currentTree ├── ast-types@0.8.5
22 silly currentTree ├── astw@2.0.0
22 silly currentTree ├── async-each@0.1.6
22 silly currentTree ├─┬ babel-core@5.8.25
22 silly currentTree │ ├── path-exists@1.0.0
22 silly currentTree │ └── repeating@1.1.3
22 silly currentTree ├── babel-plugin-constant-folding@1.0.1
22 silly currentTree ├── babel-plugin-dead-code-elimination@1.0.2
22 silly currentTree ├── babel-plugin-eval@1.0.1
22 silly currentTree ├── babel-plugin-inline-environment-variables@1.0.1
22 silly currentTree ├── babel-plugin-jscript@1.0.4
22 silly currentTree ├── babel-plugin-member-expression-literals@1.0.1
22 silly currentTree ├── babel-plugin-property-literals@1.0.1
22 silly currentTree ├── babel-plugin-proto-to-assign@1.0.4
22 silly currentTree ├── babel-plugin-react-constant-elements@1.0.3
22 silly currentTree ├── babel-plugin-react-display-name@1.0.3
22 silly currentTree ├── babel-plugin-remove-console@1.0.1
22 silly currentTree ├── babel-plugin-remove-debugger@1.0.1
22 silly currentTree ├── babel-plugin-runtime@1.0.7
22 silly currentTree ├── babel-plugin-undeclared-variables-check@1.0.2
22 silly currentTree ├── babel-plugin-undefined-to-void@1.1.6
22 silly currentTree ├── babelify@6.3.0
22 silly currentTree ├── babylon@5.8.23
22 silly currentTree ├── balanced-match@0.2.0
22 silly currentTree ├── base64-js@0.0.8
22 silly currentTree ├── beeper@1.1.0
22 silly currentTree ├── binary-extensions@1.3.1
22 silly currentTree ├─┬ bl@0.9.4
22 silly currentTree │ └── readable-stream@1.0.33
22 silly currentTree ├── bluebird@2.10.2
22 silly currentTree ├── bn.js@2.2.0
22 silly currentTree ├── brace-expansion@1.1.1
22 silly currentTree ├── braces@1.8.1
22 silly currentTree ├── breakable@1.0.0
22 silly currentTree ├── brorand@1.0.5
22 silly currentTree ├─┬ browser-pack@5.0.1
22 silly currentTree │ └── through2@1.1.1
22 silly currentTree ├── browser-resolve@1.9.1
22 silly currentTree ├── browserify-aes@1.0.5
22 silly currentTree ├── browserify-cipher@1.0.0
22 silly currentTree ├── browserify-des@1.0.0
22 silly currentTree ├── browserify-rsa@2.0.1
22 silly currentTree ├── browserify-sign@3.0.8
22 silly currentTree ├── browserify-zlib@0.1.4
22 silly currentTree ├─┬ browserify@11.2.0
22 silly currentTree │ ├── glob@4.5.3
22 silly currentTree │ ├── readable-stream@2.0.2
22 silly currentTree │ └─┬ through2@1.1.1
22 silly currentTree │   └── readable-stream@1.1.13
22 silly currentTree ├── buffer-xor@1.0.3
22 silly currentTree ├── buffer@3.5.1
22 silly currentTree ├── builtin-modules@1.1.0
22 silly currentTree ├── builtin-status-codes@1.0.0
22 silly currentTree ├── builtins@0.0.7
22 silly currentTree ├── camelcase-keys@1.0.0
22 silly currentTree ├── camelcase@1.2.1
22 silly currentTree ├── center-align@0.1.1
22 silly currentTree ├── chalk@1.1.1
22 silly currentTree ├─┬ chokidar@1.2.0
22 silly currentTree │ └── is-glob@2.0.1
22 silly currentTree ├── cipher-base@1.0.1
22 silly currentTree ├── cliui@2.1.0
22 silly currentTree ├── clone-stats@0.0.1
22 silly currentTree ├── clone@1.0.2
22 silly currentTree ├── combine-source-map@0.6.1
22 silly currentTree ├── commander@2.5.1
22 silly currentTree ├── commondir@0.0.1
22 silly currentTree ├─┬ commoner@0.10.3
22 silly currentTree │ ├── glob@4.2.2
22 silly currentTree │ ├── graceful-fs@3.0.8
22 silly currentTree │ └── minimatch@1.0.0
22 silly currentTree ├── concat-map@0.0.1
22 silly currentTree ├── concat-stream@1.4.10
22 silly currentTree ├─┬ concat-with-sourcemaps@1.0.4
22 silly currentTree │ └── source-map@0.5.1
22 silly currentTree ├── console-browserify@1.1.0
22 silly currentTree ├── constants-browserify@0.0.1
22 silly currentTree ├── convert-source-map@1.1.1
22 silly currentTree ├── core-js@1.2.1
22 silly currentTree ├── core-util-is@1.0.1
22 silly currentTree ├── create-ecdh@2.0.2
22 silly currentTree ├── create-hash@1.1.2
22 silly currentTree ├── create-hmac@1.1.4
22 silly currentTree ├── crypto-browserify@3.10.0
22 silly currentTree ├── date-now@0.1.4
22 silly currentTree ├── dateformat@1.0.11
22 silly currentTree ├── debug@2.2.0
22 silly currentTree ├── decamelize@1.0.0
22 silly currentTree ├── deep-is@0.1.3
22 silly currentTree ├── defaults@1.0.3
22 silly currentTree ├── defined@1.0.0
22 silly currentTree ├─┬ defs@1.1.1
22 silly currentTree │ └── esprima-fb@15001.1001.0-dev-harmony-fb
22 silly currentTree ├── deprecated@0.0.1
22 silly currentTree ├─┬ deps-sort@1.3.9
22 silly currentTree │ └── through2@1.1.1
22 silly currentTree ├── des.js@1.0.0
22 silly currentTree ├─┬ detect-indent@3.0.1
22 silly currentTree │ ├── get-stdin@4.0.1
22 silly currentTree │ └── repeating@1.1.3
22 silly currentTree ├── detective@4.2.0
22 silly currentTree ├── diffie-hellman@3.0.2
22 silly currentTree ├── domain-browser@1.1.4
22 silly currentTree ├── duplexer2@0.0.2
22 silly currentTree ├── elliptic@3.1.0
22 silly currentTree ├── end-of-stream@0.1.5
22 silly currentTree ├── error-ex@1.2.0
22 silly currentTree ├── escape-string-regexp@1.0.3
22 silly currentTree ├─┬ escodegen@1.7.0
22 silly currentTree │ ├── esprima@1.2.5
22 silly currentTree │ └── source-map@0.2.0
22 silly currentTree ├── esprima-fb@15001.1.0-dev-harmony-fb
22 silly currentTree ├── estraverse@1.9.3
22 silly currentTree ├── esutils@2.0.2
22 silly currentTree ├── events@1.0.2
22 silly currentTree ├── evp_bytestokey@1.0.0
22 silly currentTree ├── expand-brackets@0.1.4
22 silly currentTree ├── expand-range@1.8.1
22 silly currentTree ├── extend@2.0.1
22 silly currentTree ├── extglob@0.3.1
22 silly currentTree ├── fast-levenshtein@1.0.7
22 silly currentTree ├── filename-regex@2.0.0
22 silly currentTree ├── fill-range@2.2.2
22 silly currentTree ├── find-index@0.1.1
22 silly currentTree ├── find-up@1.0.0
22 silly currentTree ├── findup-sync@0.3.0
22 silly currentTree ├── first-chunk-stream@1.0.0
22 silly currentTree ├── flagged-respawn@0.3.1
22 silly currentTree ├── for-in@0.1.4
22 silly currentTree ├── for-own@0.1.3
22 silly currentTree ├── foreach@2.0.5
22 silly currentTree ├── fs-readdir-recursive@0.1.2
22 silly currentTree ├─┬ fsevents@1.0.2
22 silly currentTree │ └─┬ node-pre-gyp@0.6.12
22 silly currentTree │   ├─┬ mkdirp@0.5.1
22 silly currentTree │   │ └── minimist@0.0.8
22 silly currentTree │   ├─┬ nopt@3.0.4
22 silly currentTree │   │ └── abbrev@1.0.7
22 silly currentTree │   ├─┬ npmlog@1.2.1
22 silly currentTree │   │ ├── ansi@0.3.0
22 silly currentTree │   │ ├─┬ are-we-there-yet@1.0.4
22 silly currentTree │   │ │ ├── delegates@0.1.0
22 silly currentTree │   │ │ └─┬ readable-stream@1.1.13
22 silly currentTree │   │ │   ├── core-util-is@1.0.1
22 silly currentTree │   │ │   ├── inherits@2.0.1
22 silly currentTree │   │ │   ├── isarray@0.0.1
22 silly currentTree │   │ │   └── string_decoder@0.10.31
22 silly currentTree │   │ └─┬ gauge@1.2.2
22 silly currentTree │   │   ├── has-unicode@1.0.0
22 silly currentTree │   │   ├─┬ lodash.pad@3.1.1
22 silly currentTree │   │   │ ├── lodash._basetostring@3.0.1
22 silly currentTree │   │   │ └─┬ lodash._createpadding@3.6.1
22 silly currentTree │   │   │   └── lodash.repeat@3.0.1
22 silly currentTree │   │   ├─┬ lodash.padleft@3.1.1
22 silly currentTree │   │   │ ├── lodash._basetostring@3.0.1
22 silly currentTree │   │   │ └─┬ lodash._createpadding@3.6.1
22 silly currentTree │   │   │   └── lodash.repeat@3.0.1
22 silly currentTree │   │   └─┬ lodash.padright@3.1.1
22 silly currentTree │   │     ├── lodash._basetostring@3.0.1
22 silly currentTree │   │     └─┬ lodash._createpadding@3.6.1
22 silly currentTree │   │       └── lodash.repeat@3.0.1
22 silly currentTree │   ├─┬ rc@1.1.2
22 silly currentTree │   │ ├── deep-extend@0.2.11
22 silly currentTree │   │ ├── ini@1.3.4
22 silly currentTree │   │ ├── minimist@1.2.0
22 silly currentTree │   │ └── strip-json-comments@0.1.3
22 silly currentTree │   ├─┬ request@2.64.0
22 silly currentTree │   │ ├── aws-sign2@0.5.0
22 silly currentTree │   │ ├─┬ bl@1.0.0
22 silly currentTree │   │ │ └─┬ readable-stream@2.0.2
22 silly currentTree │   │ │   ├── core-util-is@1.0.1
22 silly currentTree │   │ │   ├── inherits@2.0.1
22 silly currentTree │   │ │   ├── isarray@0.0.1
22 silly currentTree │   │ │   ├── process-nextick-args@1.0.3
22 silly currentTree │   │ │   ├── string_decoder@0.10.31
22 silly currentTree │   │ │   └── util-deprecate@1.0.1
22 silly currentTree │   │ ├── caseless@0.11.0
22 silly currentTree │   │ ├─┬ combined-stream@1.0.5
22 silly currentTree │   │ │ └── delayed-stream@1.0.0
22 silly currentTree │   │ ├── extend@3.0.0
22 silly currentTree │   │ ├── forever-agent@0.6.1
22 silly currentTree │   │ ├─┬ form-data@1.0.0-rc3
22 silly currentTree │   │ │ └── async@1.4.2
22 silly currentTree │   │ ├─┬ har-validator@1.8.0
22 silly currentTree │   │ │ ├── bluebird@2.10.2
22 silly currentTree │   │ │ ├─┬ chalk@1.1.1
22 silly currentTree │   │ │ │ ├── ansi-styles@2.1.0
22 silly currentTree │   │ │ │ ├── escape-string-regexp@1.0.3
22 silly currentTree │   │ │ │ ├─┬ has-ansi@2.0.0
22 silly currentTree │   │ │ │ │ └── ansi-regex@2.0.0
22 silly currentTree │   │ │ │ ├─┬ strip-ansi@3.0.0
22 silly currentTree │   │ │ │ │ └── ansi-regex@2.0.0
22 silly currentTree │   │ │ │ └── supports-color@2.0.0
22 silly currentTree │   │ │ ├─┬ commander@2.8.1
22 silly currentTree │   │ │ │ └── graceful-readlink@1.0.1
22 silly currentTree │   │ │ └─┬ is-my-json-valid@2.12.2
22 silly currentTree │   │ │   ├── generate-function@2.0.0
22 silly currentTree │   │ │   ├─┬ generate-object-property@1.2.0
22 silly currentTree │   │ │   │ └── is-property@1.0.2
22 silly currentTree │   │ │   ├── jsonpointer@2.0.0
22 silly currentTree │   │ │   └── xtend@4.0.0
22 silly currentTree │   │ ├─┬ hawk@3.1.0
22 silly currentTree │   │ │ ├── boom@2.9.0
22 silly currentTree │   │ │ ├── cryptiles@2.0.5
22 silly currentTree │   │ │ ├── hoek@2.16.3
22 silly currentTree │   │ │ └── sntp@1.0.9
22 silly currentTree │   │ ├─┬ http-signature@0.11.0
22 silly currentTree │   │ │ ├── asn1@0.1.11
22 silly currentTree │   │ │ ├── assert-plus@0.1.5
22 silly currentTree │   │ │ └── ctype@0.5.3
22 silly currentTree │   │ ├── isstream@0.1.2
22 silly currentTree │   │ ├── json-stringify-safe@5.0.1
22 silly currentTree │   │ ├─┬ mime-types@2.1.7
22 silly currentTree │   │ │ └── mime-db@1.19.0
22 silly currentTree │   │ ├── node-uuid@1.4.3
22 silly currentTree │   │ ├── oauth-sign@0.8.0
22 silly currentTree │   │ ├── qs@5.1.0
22 silly currentTree │   │ ├── stringstream@0.0.4
22 silly currentTree │   │ ├── tough-cookie@2.1.0
22 silly currentTree │   │ └── tunnel-agent@0.4.1
22 silly currentTree │   ├─┬ rimraf@2.4.3
22 silly currentTree │   │ └─┬ glob@5.0.15
22 silly currentTree │   │   ├─┬ inflight@1.0.4
22 silly currentTree │   │   │ └── wrappy@1.0.1
22 silly currentTree │   │   ├── inherits@2.0.1
22 silly currentTree │   │   ├─┬ minimatch@3.0.0
22 silly currentTree │   │   │ └─┬ brace-expansion@1.1.1
22 silly currentTree │   │   │   ├── balanced-match@0.2.0
22 silly currentTree │   │   │   └── concat-map@0.0.1
22 silly currentTree │   │   ├─┬ once@1.3.2
22 silly currentTree │   │   │ └── wrappy@1.0.1
22 silly currentTree │   │   └── path-is-absolute@1.0.0
22 silly currentTree │   ├── semver@5.0.3
22 silly currentTree │   ├─┬ tar-pack@2.0.0
22 silly currentTree │   │ ├── debug@0.7.4
22 silly currentTree │   │ ├─┬ fstream-ignore@0.0.7
22 silly currentTree │   │ │ ├── inherits@2.0.1
22 silly currentTree │   │ │ └─┬ minimatch@0.2.14
22 silly currentTree │   │ │   ├── lru-cache@2.7.0
22 silly currentTree │   │ │   └── sigmund@1.0.1
22 silly currentTree │   │ ├─┬ fstream@0.1.31
22 silly currentTree │   │ │ ├── graceful-fs@3.0.8
22 silly currentTree │   │ │ └── inherits@2.0.1
22 silly currentTree │   │ ├── graceful-fs@1.2.3
22 silly currentTree │   │ ├── once@1.1.1
22 silly currentTree │   │ ├─┬ readable-stream@1.0.33
22 silly currentTree │   │ │ ├── core-util-is@1.0.1
22 silly currentTree │   │ │ ├── inherits@2.0.1
22 silly currentTree │   │ │ ├── isarray@0.0.1
22 silly currentTree │   │ │ └── string_decoder@0.10.31
22 silly currentTree │   │ ├── rimraf@2.2.8
22 silly currentTree │   │ ├─┬ tar@0.1.20
22 silly currentTree │   │ │ ├── block-stream@0.0.8
22 silly currentTree │   │ │ └── inherits@2.0.1
22 silly currentTree │   │ └── uid-number@0.0.3
22 silly currentTree │   └─┬ tar@2.2.1
22 silly currentTree │     ├── block-stream@0.0.8
22 silly currentTree │     ├─┬ fstream@1.0.8
22 silly currentTree │     │ └── graceful-fs@4.1.2
22 silly currentTree │     └── inherits@2.0.1
22 silly currentTree ├── function-bind@1.0.2
22 silly currentTree ├── gaze@0.5.2
22 silly currentTree ├── get-stdin@5.0.0
22 silly currentTree ├─┬ glob-base@0.3.0
22 silly currentTree │ └── is-glob@2.0.1
22 silly currentTree ├─┬ glob-parent@2.0.0
22 silly currentTree │ └── is-glob@2.0.1
22 silly currentTree ├─┬ glob-stream@3.1.18
22 silly currentTree │ └── glob@4.5.3
22 silly currentTree ├── glob-watcher@0.0.6
22 silly currentTree ├── glob2base@0.0.12
22 silly currentTree ├── glob@5.0.15
22 silly currentTree ├── globals@6.4.1
22 silly currentTree ├─┬ globule@0.1.0
22 silly currentTree │ ├── glob@3.1.21
22 silly currentTree │ ├── graceful-fs@1.2.3
22 silly currentTree │ ├── inherits@1.0.2
22 silly currentTree │ ├── lodash@1.0.2
22 silly currentTree │ └── minimatch@0.2.14
22 silly currentTree ├── graceful-fs@4.1.2
22 silly currentTree ├─┬ gulp-babel@5.2.1
22 silly currentTree │ ├── readable-stream@2.0.2
22 silly currentTree │ └── through2@2.0.0
22 silly currentTree ├── gulp-compass@2.1.0
22 silly currentTree ├── gulp-concat@2.6.0
22 silly currentTree ├── gulp-rename@1.2.2
22 silly currentTree ├─┬ gulp-sourcemaps@1.6.0
22 silly currentTree │ ├── readable-stream@2.0.2
22 silly currentTree │ ├── through2@2.0.0
22 silly currentTree │ └── vinyl@1.0.0
22 silly currentTree ├─┬ gulp-util@3.0.6
22 silly currentTree │ ├── readable-stream@2.0.2
22 silly currentTree │ └── through2@2.0.0
22 silly currentTree ├─┬ gulp@3.9.0
22 silly currentTree │ └── semver@4.3.6
22 silly currentTree ├── has-ansi@2.0.0
22 silly currentTree ├── has@1.0.1
22 silly currentTree ├── hash.js@1.0.3
22 silly currentTree ├── home-or-tmp@1.0.0
22 silly currentTree ├── hosted-git-info@2.1.4
22 silly currentTree ├── htmlescape@1.1.0
22 silly currentTree ├── https-browserify@0.0.1
22 silly currentTree ├── iconv-lite@0.4.13
22 silly currentTree ├── ieee754@1.1.6
22 silly currentTree ├── indent-string@2.1.0
22 silly currentTree ├── indexof@0.0.1
22 silly currentTree ├── inflight@1.0.4
22 silly currentTree ├── inherits@2.0.1
22 silly currentTree ├── inline-source-map@0.5.0
22 silly currentTree ├─┬ insert-module-globals@6.6.0
22 silly currentTree │ └── through2@1.1.1
22 silly currentTree ├── install@0.1.8
22 silly currentTree ├── interpret@0.6.6
22 silly currentTree ├── invert-kv@1.0.0
22 silly currentTree ├── is-absolute@0.1.7
22 silly currentTree ├── is-array@1.0.1
22 silly currentTree ├── is-binary-path@1.0.1
22 silly currentTree ├── is-buffer@1.1.0
22 silly currentTree ├── is-builtin-module@1.0.0
22 silly currentTree ├── is-dotfile@1.0.1
22 silly currentTree ├── is-equal-shallow@0.1.3
22 silly currentTree ├── is-extglob@1.0.0
22 silly currentTree ├── is-finite@1.0.1
22 silly currentTree ├── is-glob@1.1.3
22 silly currentTree ├── is-integer@1.0.6
22 silly currentTree ├── is-number@1.1.2
22 silly currentTree ├── is-primitive@2.0.0
22 silly currentTree ├── is-relative@0.1.3
22 silly currentTree ├── is-utf8@0.2.0
22 silly currentTree ├── isarray@0.0.1
22 silly currentTree ├── isobject@1.0.2
22 silly currentTree ├── js-tokens@1.0.1
22 silly currentTree ├── jsesc@0.5.0
22 silly currentTree ├── json-stable-stringify@0.0.1
22 silly currentTree ├── json5@0.4.0
22 silly currentTree ├── jsonify@0.0.0
22 silly currentTree ├── jsonparse@1.1.0
22 silly currentTree ├── kind-of@2.0.1
22 silly currentTree ├── labeled-stream-splicer@1.0.2
22 silly currentTree ├── lazy-cache@0.2.3
22 silly currentTree ├── lcid@1.0.0
22 silly currentTree ├── left-pad@0.0.3
22 silly currentTree ├── leven@1.0.2
22 silly currentTree ├── levn@0.2.5
22 silly currentTree ├── lexical-scope@1.2.0
22 silly currentTree ├── liftoff@2.2.0
22 silly currentTree ├── line-numbers@0.2.0
22 silly currentTree ├── load-json-file@1.0.1
22 silly currentTree ├── lodash._basecopy@3.0.1
22 silly currentTree ├── lodash._baseflatten@3.1.4
22 silly currentTree ├── lodash._basetostring@3.0.1
22 silly currentTree ├── lodash._basevalues@3.0.0
22 silly currentTree ├── lodash._getnative@3.9.1
22 silly currentTree ├── lodash._isiterateecall@3.0.9
22 silly currentTree ├── lodash._reescape@3.0.0
22 silly currentTree ├── lodash._reevaluate@3.0.0
22 silly currentTree ├── lodash._reinterpolate@3.0.0
22 silly currentTree ├── lodash.escape@3.0.0
22 silly currentTree ├── lodash.flatten@3.0.2
22 silly currentTree ├── lodash.isarguments@3.0.4
22 silly currentTree ├── lodash.isarray@3.0.4
22 silly currentTree ├── lodash.keys@3.1.2
22 silly currentTree ├── lodash.memoize@3.0.4
22 silly currentTree ├── lodash.restparam@3.6.1
22 silly currentTree ├── lodash.template@3.6.2
22 silly currentTree ├── lodash.templatesettings@3.1.0
22 silly currentTree ├── lodash@3.10.1
22 silly currentTree ├── longest@1.0.1
22 silly currentTree ├── loud-rejection@1.0.0
22 silly currentTree ├── lru-cache@2.7.0
22 silly currentTree ├── map-obj@1.0.1
22 silly currentTree ├─┬ meow@3.4.2
22 silly currentTree │ └── object-assign@4.0.1
22 silly currentTree ├─┬ micromatch@2.2.0
22 silly currentTree │ └── kind-of@1.1.0
22 silly currentTree ├── miller-rabin@2.0.1
22 silly currentTree ├── minimalistic-assert@1.0.0
22 silly currentTree ├── minimatch@2.0.10
22 silly currentTree ├── minimist@1.2.0
22 silly currentTree ├─┬ mkdirp@0.5.1
22 silly currentTree │ └── minimist@0.0.8
22 silly currentTree ├─┬ module-deps@3.9.1
22 silly currentTree │ └── through2@1.1.1
22 silly currentTree ├── ms@0.7.1
22 silly currentTree ├── multipipe@0.1.2
22 silly currentTree ├── nan@2.1.0
22 silly currentTree ├── normalize-package-data@2.3.4
22 silly currentTree ├── number-is-nan@1.0.0
22 silly currentTree ├── object-assign@3.0.0
22 silly currentTree ├── object-keys@1.0.7
22 silly currentTree ├── object.omit@1.1.0
22 silly currentTree ├── once@1.3.2
22 silly currentTree ├── optionator@0.5.0
22 silly currentTree ├── orchestrator@0.3.7
22 silly currentTree ├── ordered-read-streams@0.1.0
22 silly currentTree ├── os-browserify@0.1.2
22 silly currentTree ├── os-homedir@1.0.1
22 silly currentTree ├── os-locale@1.4.0
22 silly currentTree ├── os-tmpdir@1.0.1
22 silly currentTree ├─┬ outpipe@1.1.1
22 silly currentTree │ └── shell-quote@1.4.3
22 silly currentTree ├── output-file-sync@1.1.1
22 silly currentTree ├── pako@0.2.8
22 silly currentTree ├── parents@1.0.1
22 silly currentTree ├── parse-asn1@3.0.2
22 silly currentTree ├─┬ parse-glob@3.0.4
22 silly currentTree │ └── is-glob@2.0.1
22 silly currentTree ├── parse-json@2.2.0
22 silly currentTree ├── path-browserify@0.0.0
22 silly currentTree ├── path-exists@2.0.0
22 silly currentTree ├── path-is-absolute@1.0.0
22 silly currentTree ├── path-platform@0.11.15
22 silly currentTree ├── path-type@1.0.0
22 silly currentTree ├── pbkdf2@3.0.4
22 silly currentTree ├── pify@2.2.0
22 silly currentTree ├── pinkie-promise@1.0.0
22 silly currentTree ├── pinkie@1.0.0
22 silly currentTree ├── prelude-ls@1.1.2
22 silly currentTree ├── preserve@0.2.0
22 silly currentTree ├── pretty-hrtime@1.0.1
22 silly currentTree ├── private@0.1.6
22 silly currentTree ├── process-nextick-args@1.0.3
22 silly currentTree ├── process@0.11.2
22 silly currentTree ├── public-encrypt@2.0.1
22 silly currentTree ├── punycode@1.3.2
22 silly currentTree ├── q@1.1.2
22 silly currentTree ├── querystring-es3@0.2.1
22 silly currentTree ├── querystring@0.2.0
22 silly currentTree ├─┬ randomatic@1.1.0
22 silly currentTree │ └── kind-of@1.1.0
22 silly currentTree ├── randombytes@2.0.1
22 silly currentTree ├── read-only-stream@1.1.1
22 silly currentTree ├── read-pkg-up@1.0.1
22 silly currentTree ├── read-pkg@1.1.0
22 silly currentTree ├── readable-stream@1.1.13
22 silly currentTree ├── readable-wrap@1.0.0
22 silly currentTree ├─┬ readdirp@2.0.0
22 silly currentTree │ └── readable-stream@2.0.2
22 silly currentTree ├── recast@0.10.24
22 silly currentTree ├── rechoir@0.6.2
22 silly currentTree ├── redent@1.0.0
22 silly currentTree ├── regenerate@1.2.1
22 silly currentTree ├── regenerator@0.8.35
22 silly currentTree ├── regex-cache@0.4.2
22 silly currentTree ├─┬ regexpu@1.3.0
22 silly currentTree │ └── esprima@2.6.0
22 silly currentTree ├── regjsgen@0.2.0
22 silly currentTree ├── regjsparser@0.1.5
22 silly currentTree ├── repeat-element@1.1.2
22 silly currentTree ├── repeat-string@1.5.2
22 silly currentTree ├── repeating@2.0.0
22 silly currentTree ├── replace-ext@0.0.1
22 silly currentTree ├── resolve@1.1.6
22 silly currentTree ├── right-align@0.1.3
22 silly currentTree ├── ripemd160@1.0.1
22 silly currentTree ├── semver@5.0.3
22 silly currentTree ├── sequencify@0.0.7
22 silly currentTree ├── sha.js@2.4.4
22 silly currentTree ├── shasum@1.0.2
22 silly currentTree ├── shebang-regex@1.0.0
22 silly currentTree ├── shell-quote@0.0.1
22 silly currentTree ├── sigmund@1.0.1
22 silly currentTree ├── simple-fmt@0.1.0
22 silly currentTree ├── simple-is@0.2.0
22 silly currentTree ├── slash@1.0.0
22 silly currentTree ├─┬ source-map-support@0.2.10
22 silly currentTree │ └── source-map@0.1.32
22 silly currentTree ├── source-map@0.4.4
22 silly currentTree ├── spdx-correct@1.0.1
22 silly currentTree ├── spdx-exceptions@1.0.3
22 silly currentTree ├── spdx-expression-parse@1.0.0
22 silly currentTree ├── spdx-license-ids@1.0.2
22 silly currentTree ├── stable@0.1.5
22 silly currentTree ├─┬ stream-browserify@2.0.1
22 silly currentTree │ └── readable-stream@2.0.2
22 silly currentTree ├─┬ stream-combiner2@1.0.2
22 silly currentTree │ ├── readable-stream@1.0.33
22 silly currentTree │ ├── through2@0.5.1
22 silly currentTree │ └── xtend@3.0.0
22 silly currentTree ├── stream-consume@0.1.0
22 silly currentTree ├── stream-http@1.7.1
22 silly currentTree ├─┬ stream-splicer@1.3.2
22 silly currentTree │ └── through2@1.1.1
22 silly currentTree ├── string_decoder@0.10.31
22 silly currentTree ├── stringmap@0.2.2
22 silly currentTree ├── stringset@0.2.1
22 silly currentTree ├── strip-ansi@3.0.0
22 silly currentTree ├── strip-bom@2.0.0
22 silly currentTree ├─┬ strip-indent@1.0.1
22 silly currentTree │ └── get-stdin@4.0.1
22 silly currentTree ├── subarg@1.0.0
22 silly currentTree ├── success-symbol@0.1.0
22 silly currentTree ├── supports-color@2.0.0
22 silly currentTree ├── syntax-error@1.1.4
22 silly currentTree ├─┬ through2@0.6.5
22 silly currentTree │ └── readable-stream@1.0.33
22 silly currentTree ├── through@2.3.8
22 silly currentTree ├── tildify@1.1.2
22 silly currentTree ├── timers-browserify@1.4.1
22 silly currentTree ├── to-fast-properties@1.0.1
22 silly currentTree ├── trim-newlines@1.0.0
22 silly currentTree ├── trim-right@1.0.1
22 silly currentTree ├── try-resolve@1.0.1
22 silly currentTree ├── tryor@0.1.2
22 silly currentTree ├── tty-browserify@0.0.0
22 silly currentTree ├── type-check@0.3.1
22 silly currentTree ├── typedarray@0.0.6
22 silly currentTree ├── umd@3.0.1
22 silly currentTree ├── unique-stream@1.0.0
22 silly currentTree ├── url@0.10.3
22 silly currentTree ├── user-home@1.1.1
22 silly currentTree ├── util-deprecate@1.0.2
22 silly currentTree ├── util@0.10.3
22 silly currentTree ├── v8flags@2.0.10
22 silly currentTree ├── validate-npm-package-license@3.0.1
22 silly currentTree ├── vinyl-buffer@1.0.0
22 silly currentTree ├─┬ vinyl-fs@0.3.14
22 silly currentTree │ ├── clone@0.2.0
22 silly currentTree │ ├── graceful-fs@3.0.8
22 silly currentTree │ ├── strip-bom@1.0.0
22 silly currentTree │ └── vinyl@0.4.6
22 silly currentTree ├─┬ vinyl-source-stream@1.1.0
22 silly currentTree │ ├── clone@0.2.0
22 silly currentTree │ └── vinyl@0.4.6
22 silly currentTree ├─┬ vinyl-sourcemaps-apply@0.1.4
22 silly currentTree │ └── source-map@0.1.43
22 silly currentTree ├── vinyl@0.5.3
22 silly currentTree ├── vm-browserify@0.0.4
22 silly currentTree ├── watchify@3.4.0
22 silly currentTree ├── which@1.2.0
22 silly currentTree ├── window-size@0.1.2
22 silly currentTree ├── wordwrap@0.0.2
22 silly currentTree ├── wrappy@1.0.1
22 silly currentTree ├── xtend@4.0.0
22 silly currentTree ├── y18n@3.2.0
22 silly currentTree └── yargs@3.27.0
23 silly idealTree sequoiasnow.com@0.0.1
23 silly idealTree ├── JSONStream@1.0.6
23 silly idealTree ├── acorn@1.2.2
23 silly idealTree ├── align-text@0.1.3
23 silly idealTree ├── alter@0.2.0
23 silly idealTree ├── amdefine@1.0.0
23 silly idealTree ├── ansi-green@0.1.1
23 silly idealTree ├── ansi-regex@2.0.0
23 silly idealTree ├── ansi-styles@2.1.0
23 silly idealTree ├── ansi-wrap@0.1.0
23 silly idealTree ├── anymatch@1.3.0
23 silly idealTree ├── archy@1.0.0
23 silly idealTree ├── arr-diff@1.1.0
23 silly idealTree ├── arr-flatten@1.0.1
23 silly idealTree ├── array-differ@1.0.0
23 silly idealTree ├── array-filter@0.0.1
23 silly idealTree ├── array-map@0.0.0
23 silly idealTree ├── array-reduce@0.0.0
23 silly idealTree ├── array-slice@0.2.3
23 silly idealTree ├── array-uniq@1.0.2
23 silly idealTree ├── array-unique@0.2.1
23 silly idealTree ├── arrify@1.0.0
23 silly idealTree ├── asn1.js@2.2.1
23 silly idealTree ├── assert@1.3.0
23 silly idealTree ├── ast-traverse@0.1.1
23 silly idealTree ├── ast-types@0.8.5
23 silly idealTree ├── astw@2.0.0
23 silly idealTree ├── async-each@0.1.6
23 silly idealTree ├─┬ babel-core@5.8.25
23 silly idealTree │ ├── path-exists@1.0.0
23 silly idealTree │ └── repeating@1.1.3
23 silly idealTree ├── babel-plugin-constant-folding@1.0.1
23 silly idealTree ├── babel-plugin-dead-code-elimination@1.0.2
23 silly idealTree ├── babel-plugin-eval@1.0.1
23 silly idealTree ├── babel-plugin-inline-environment-variables@1.0.1
23 silly idealTree ├── babel-plugin-jscript@1.0.4
23 silly idealTree ├── babel-plugin-member-expression-literals@1.0.1
23 silly idealTree ├── babel-plugin-property-literals@1.0.1
23 silly idealTree ├── babel-plugin-proto-to-assign@1.0.4
23 silly idealTree ├── babel-plugin-react-constant-elements@1.0.3
23 silly idealTree ├── babel-plugin-react-display-name@1.0.3
23 silly idealTree ├── babel-plugin-remove-console@1.0.1
23 silly idealTree ├── babel-plugin-remove-debugger@1.0.1
23 silly idealTree ├── babel-plugin-runtime@1.0.7
23 silly idealTree ├── babel-plugin-undeclared-variables-check@1.0.2
23 silly idealTree ├── babel-plugin-undefined-to-void@1.1.6
23 silly idealTree ├── babelify@6.3.0
23 silly idealTree ├── babylon@5.8.23
23 silly idealTree ├── balanced-match@0.2.0
23 silly idealTree ├── base64-js@0.0.8
23 silly idealTree ├── beeper@1.1.0
23 silly idealTree ├── binary-extensions@1.3.1
23 silly idealTree ├─┬ bl@0.9.4
23 silly idealTree │ └── readable-stream@1.0.33
23 silly idealTree ├── bluebird@2.10.2
23 silly idealTree ├── bn.js@2.2.0
23 silly idealTree ├── brace-expansion@1.1.1
23 silly idealTree ├── braces@1.8.1
23 silly idealTree ├── breakable@1.0.0
23 silly idealTree ├── brorand@1.0.5
23 silly idealTree ├─┬ browser-pack@5.0.1
23 silly idealTree │ └── through2@1.1.1
23 silly idealTree ├── browser-resolve@1.9.1
23 silly idealTree ├── browserify-aes@1.0.5
23 silly idealTree ├── browserify-cipher@1.0.0
23 silly idealTree ├── browserify-des@1.0.0
23 silly idealTree ├── browserify-rsa@2.0.1
23 silly idealTree ├── browserify-sign@3.0.8
23 silly idealTree ├── browserify-zlib@0.1.4
23 silly idealTree ├─┬ browserify@11.2.0
23 silly idealTree │ ├── glob@4.5.3
23 silly idealTree │ ├── readable-stream@2.0.2
23 silly idealTree │ └─┬ through2@1.1.1
23 silly idealTree │   └── readable-stream@1.1.13
23 silly idealTree ├── buffer-xor@1.0.3
23 silly idealTree ├── buffer@3.5.1
23 silly idealTree ├── builtin-modules@1.1.0
23 silly idealTree ├── builtin-status-codes@1.0.0
23 silly idealTree ├── builtins@0.0.7
23 silly idealTree ├── camelcase-keys@1.0.0
23 silly idealTree ├── camelcase@1.2.1
23 silly idealTree ├── center-align@0.1.1
23 silly idealTree ├── chalk@1.1.1
23 silly idealTree ├─┬ chokidar@1.2.0
23 silly idealTree │ └── is-glob@2.0.1
23 silly idealTree ├── cipher-base@1.0.1
23 silly idealTree ├── cliui@2.1.0
23 silly idealTree ├── clone-stats@0.0.1
23 silly idealTree ├── clone@1.0.2
23 silly idealTree ├── combine-source-map@0.6.1
23 silly idealTree ├── commander@2.5.1
23 silly idealTree ├── commondir@0.0.1
23 silly idealTree ├─┬ commoner@0.10.3
23 silly idealTree │ ├── glob@4.2.2
23 silly idealTree │ ├── graceful-fs@3.0.8
23 silly idealTree │ └── minimatch@1.0.0
23 silly idealTree ├── concat-map@0.0.1
23 silly idealTree ├── concat-stream@1.4.10
23 silly idealTree ├─┬ concat-with-sourcemaps@1.0.4
23 silly idealTree │ └── source-map@0.5.1
23 silly idealTree ├── console-browserify@1.1.0
23 silly idealTree ├── constants-browserify@0.0.1
23 silly idealTree ├── convert-source-map@1.1.1
23 silly idealTree ├── core-js@1.2.1
23 silly idealTree ├── core-util-is@1.0.1
23 silly idealTree ├── create-ecdh@2.0.2
23 silly idealTree ├── create-hash@1.1.2
23 silly idealTree ├── create-hmac@1.1.4
23 silly idealTree ├── crypto-browserify@3.10.0
23 silly idealTree ├── date-now@0.1.4
23 silly idealTree ├── dateformat@1.0.11
23 silly idealTree ├── debug@2.2.0
23 silly idealTree ├── decamelize@1.0.0
23 silly idealTree ├── deep-is@0.1.3
23 silly idealTree ├── defaults@1.0.3
23 silly idealTree ├── defined@1.0.0
23 silly idealTree ├─┬ defs@1.1.1
23 silly idealTree │ └── esprima-fb@15001.1001.0-dev-harmony-fb
23 silly idealTree ├── deprecated@0.0.1
23 silly idealTree ├─┬ deps-sort@1.3.9
23 silly idealTree │ └── through2@1.1.1
23 silly idealTree ├── des.js@1.0.0
23 silly idealTree ├─┬ detect-indent@3.0.1
23 silly idealTree │ ├── get-stdin@4.0.1
23 silly idealTree │ └── repeating@1.1.3
23 silly idealTree ├── detective@4.2.0
23 silly idealTree ├── diffie-hellman@3.0.2
23 silly idealTree ├── domain-browser@1.1.4
23 silly idealTree ├── duplexer2@0.0.2
23 silly idealTree ├── elliptic@3.1.0
23 silly idealTree ├── end-of-stream@0.1.5
23 silly idealTree ├── error-ex@1.2.0
23 silly idealTree ├── escape-string-regexp@1.0.3
23 silly idealTree ├─┬ escodegen@1.7.0
23 silly idealTree │ ├── esprima@1.2.5
23 silly idealTree │ └── source-map@0.2.0
23 silly idealTree ├── esprima-fb@15001.1.0-dev-harmony-fb
23 silly idealTree ├── estraverse@1.9.3
23 silly idealTree ├── esutils@2.0.2
23 silly idealTree ├── events@1.0.2
23 silly idealTree ├── evp_bytestokey@1.0.0
23 silly idealTree ├── expand-brackets@0.1.4
23 silly idealTree ├── expand-range@1.8.1
23 silly idealTree ├── extend@2.0.1
23 silly idealTree ├── extglob@0.3.1
23 silly idealTree ├── fast-levenshtein@1.0.7
23 silly idealTree ├── filename-regex@2.0.0
23 silly idealTree ├── fill-range@2.2.2
23 silly idealTree ├── find-index@0.1.1
23 silly idealTree ├── find-up@1.0.0
23 silly idealTree ├── findup-sync@0.3.0
23 silly idealTree ├── first-chunk-stream@1.0.0
23 silly idealTree ├── flagged-respawn@0.3.1
23 silly idealTree ├── for-in@0.1.4
23 silly idealTree ├── for-own@0.1.3
23 silly idealTree ├── foreach@2.0.5
23 silly idealTree ├── fs-readdir-recursive@0.1.2
23 silly idealTree ├─┬ fsevents@1.0.2
23 silly idealTree │ └─┬ node-pre-gyp@0.6.12
23 silly idealTree │   ├─┬ mkdirp@0.5.1
23 silly idealTree │   │ └── minimist@0.0.8
23 silly idealTree │   ├─┬ nopt@3.0.4
23 silly idealTree │   │ └── abbrev@1.0.7
23 silly idealTree │   ├─┬ npmlog@1.2.1
23 silly idealTree │   │ ├── ansi@0.3.0
23 silly idealTree │   │ ├─┬ are-we-there-yet@1.0.4
23 silly idealTree │   │ │ ├── delegates@0.1.0
23 silly idealTree │   │ │ └─┬ readable-stream@1.1.13
23 silly idealTree │   │ │   ├── core-util-is@1.0.1
23 silly idealTree │   │ │   ├── inherits@2.0.1
23 silly idealTree │   │ │   ├── isarray@0.0.1
23 silly idealTree │   │ │   └── string_decoder@0.10.31
23 silly idealTree │   │ └─┬ gauge@1.2.2
23 silly idealTree │   │   ├── has-unicode@1.0.0
23 silly idealTree │   │   ├─┬ lodash.pad@3.1.1
23 silly idealTree │   │   │ ├── lodash._basetostring@3.0.1
23 silly idealTree │   │   │ └─┬ lodash._createpadding@3.6.1
23 silly idealTree │   │   │   └── lodash.repeat@3.0.1
23 silly idealTree │   │   ├─┬ lodash.padleft@3.1.1
23 silly idealTree │   │   │ ├── lodash._basetostring@3.0.1
23 silly idealTree │   │   │ └─┬ lodash._createpadding@3.6.1
23 silly idealTree │   │   │   └── lodash.repeat@3.0.1
23 silly idealTree │   │   └─┬ lodash.padright@3.1.1
23 silly idealTree │   │     ├── lodash._basetostring@3.0.1
23 silly idealTree │   │     └─┬ lodash._createpadding@3.6.1
23 silly idealTree │   │       └── lodash.repeat@3.0.1
23 silly idealTree │   ├─┬ rc@1.1.2
23 silly idealTree │   │ ├── deep-extend@0.2.11
23 silly idealTree │   │ ├── ini@1.3.4
23 silly idealTree │   │ ├── minimist@1.2.0
23 silly idealTree │   │ └── strip-json-comments@0.1.3
23 silly idealTree │   ├─┬ request@2.64.0
23 silly idealTree │   │ ├── aws-sign2@0.5.0
23 silly idealTree │   │ ├─┬ bl@1.0.0
23 silly idealTree │   │ │ └─┬ readable-stream@2.0.2
23 silly idealTree │   │ │   ├── core-util-is@1.0.1
23 silly idealTree │   │ │   ├── inherits@2.0.1
23 silly idealTree │   │ │   ├── isarray@0.0.1
23 silly idealTree │   │ │   ├── process-nextick-args@1.0.3
23 silly idealTree │   │ │   ├── string_decoder@0.10.31
23 silly idealTree │   │ │   └── util-deprecate@1.0.1
23 silly idealTree │   │ ├── caseless@0.11.0
23 silly idealTree │   │ ├─┬ combined-stream@1.0.5
23 silly idealTree │   │ │ └── delayed-stream@1.0.0
23 silly idealTree │   │ ├── extend@3.0.0
23 silly idealTree │   │ ├── forever-agent@0.6.1
23 silly idealTree │   │ ├─┬ form-data@1.0.0-rc3
23 silly idealTree │   │ │ └── async@1.4.2
23 silly idealTree │   │ ├─┬ har-validator@1.8.0
23 silly idealTree │   │ │ ├── bluebird@2.10.2
23 silly idealTree │   │ │ ├─┬ chalk@1.1.1
23 silly idealTree │   │ │ │ ├── ansi-styles@2.1.0
23 silly idealTree │   │ │ │ ├── escape-string-regexp@1.0.3
23 silly idealTree │   │ │ │ ├─┬ has-ansi@2.0.0
23 silly idealTree │   │ │ │ │ └── ansi-regex@2.0.0
23 silly idealTree │   │ │ │ ├─┬ strip-ansi@3.0.0
23 silly idealTree │   │ │ │ │ └── ansi-regex@2.0.0
23 silly idealTree │   │ │ │ └── supports-color@2.0.0
23 silly idealTree │   │ │ ├─┬ commander@2.8.1
23 silly idealTree │   │ │ │ └── graceful-readlink@1.0.1
23 silly idealTree │   │ │ └─┬ is-my-json-valid@2.12.2
23 silly idealTree │   │ │   ├── generate-function@2.0.0
23 silly idealTree │   │ │   ├─┬ generate-object-property@1.2.0
23 silly idealTree │   │ │   │ └── is-property@1.0.2
23 silly idealTree │   │ │   ├── jsonpointer@2.0.0
23 silly idealTree │   │ │   └── xtend@4.0.0
23 silly idealTree │   │ ├─┬ hawk@3.1.0
23 silly idealTree │   │ │ ├── boom@2.9.0
23 silly idealTree │   │ │ ├── cryptiles@2.0.5
23 silly idealTree │   │ │ ├── hoek@2.16.3
23 silly idealTree │   │ │ └── sntp@1.0.9
23 silly idealTree │   │ ├─┬ http-signature@0.11.0
23 silly idealTree │   │ │ ├── asn1@0.1.11
23 silly idealTree │   │ │ ├── assert-plus@0.1.5
23 silly idealTree │   │ │ └── ctype@0.5.3
23 silly idealTree │   │ ├── isstream@0.1.2
23 silly idealTree │   │ ├── json-stringify-safe@5.0.1
23 silly idealTree │   │ ├─┬ mime-types@2.1.7
23 silly idealTree │   │ │ └── mime-db@1.19.0
23 silly idealTree │   │ ├── node-uuid@1.4.3
23 silly idealTree │   │ ├── oauth-sign@0.8.0
23 silly idealTree │   │ ├── qs@5.1.0
23 silly idealTree │   │ ├── stringstream@0.0.4
23 silly idealTree │   │ ├── tough-cookie@2.1.0
23 silly idealTree │   │ └── tunnel-agent@0.4.1
23 silly idealTree │   ├─┬ rimraf@2.4.3
23 silly idealTree │   │ └─┬ glob@5.0.15
23 silly idealTree │   │   ├─┬ inflight@1.0.4
23 silly idealTree │   │   │ └── wrappy@1.0.1
23 silly idealTree │   │   ├── inherits@2.0.1
23 silly idealTree │   │   ├─┬ minimatch@3.0.0
23 silly idealTree │   │   │ └─┬ brace-expansion@1.1.1
23 silly idealTree │   │   │   ├── balanced-match@0.2.0
23 silly idealTree │   │   │   └── concat-map@0.0.1
23 silly idealTree │   │   ├─┬ once@1.3.2
23 silly idealTree │   │   │ └── wrappy@1.0.1
23 silly idealTree │   │   └── path-is-absolute@1.0.0
23 silly idealTree │   ├── semver@5.0.3
23 silly idealTree │   ├─┬ tar-pack@2.0.0
23 silly idealTree │   │ ├── debug@0.7.4
23 silly idealTree │   │ ├─┬ fstream-ignore@0.0.7
23 silly idealTree │   │ │ ├── inherits@2.0.1
23 silly idealTree │   │ │ └─┬ minimatch@0.2.14
23 silly idealTree │   │ │   ├── lru-cache@2.7.0
23 silly idealTree │   │ │   └── sigmund@1.0.1
23 silly idealTree │   │ ├─┬ fstream@0.1.31
23 silly idealTree │   │ │ ├── graceful-fs@3.0.8
23 silly idealTree │   │ │ └── inherits@2.0.1
23 silly idealTree │   │ ├── graceful-fs@1.2.3
23 silly idealTree │   │ ├── once@1.1.1
23 silly idealTree │   │ ├─┬ readable-stream@1.0.33
23 silly idealTree │   │ │ ├── core-util-is@1.0.1
23 silly idealTree │   │ │ ├── inherits@2.0.1
23 silly idealTree │   │ │ ├── isarray@0.0.1
23 silly idealTree │   │ │ └── string_decoder@0.10.31
23 silly idealTree │   │ ├── rimraf@2.2.8
23 silly idealTree │   │ ├─┬ tar@0.1.20
23 silly idealTree │   │ │ ├── block-stream@0.0.8
23 silly idealTree │   │ │ └── inherits@2.0.1
23 silly idealTree │   │ └── uid-number@0.0.3
23 silly idealTree │   └─┬ tar@2.2.1
23 silly idealTree │     ├── block-stream@0.0.8
23 silly idealTree │     ├─┬ fstream@1.0.8
23 silly idealTree │     │ └── graceful-fs@4.1.2
23 silly idealTree │     └── inherits@2.0.1
23 silly idealTree ├── function-bind@1.0.2
23 silly idealTree ├── gaze@0.5.2
23 silly idealTree ├── get-stdin@5.0.0
23 silly idealTree ├─┬ glob-base@0.3.0
23 silly idealTree │ └── is-glob@2.0.1
23 silly idealTree ├─┬ glob-parent@2.0.0
23 silly idealTree │ └── is-glob@2.0.1
23 silly idealTree ├─┬ glob-stream@3.1.18
23 silly idealTree │ └── glob@4.5.3
23 silly idealTree ├── glob-watcher@0.0.6
23 silly idealTree ├── glob2base@0.0.12
23 silly idealTree ├── glob@5.0.15
23 silly idealTree ├── globals@6.4.1
23 silly idealTree ├─┬ globule@0.1.0
23 silly idealTree │ ├── glob@3.1.21
23 silly idealTree │ ├── graceful-fs@1.2.3
23 silly idealTree │ ├── inherits@1.0.2
23 silly idealTree │ ├── lodash@1.0.2
23 silly idealTree │ └── minimatch@0.2.14
23 silly idealTree ├── graceful-fs@4.1.2
23 silly idealTree ├─┬ gulp-babel@5.2.1
23 silly idealTree │ ├── readable-stream@2.0.2
23 silly idealTree │ └── through2@2.0.0
23 silly idealTree ├── gulp-compass@2.1.0
23 silly idealTree ├── gulp-concat@2.6.0
23 silly idealTree ├── gulp-rename@1.2.2
23 silly idealTree ├─┬ gulp-sourcemaps@1.6.0
23 silly idealTree │ ├── readable-stream@2.0.2
23 silly idealTree │ ├── through2@2.0.0
23 silly idealTree │ └── vinyl@1.0.0
23 silly idealTree ├─┬ gulp-util@3.0.6
23 silly idealTree │ ├── readable-stream@2.0.2
23 silly idealTree │ └── through2@2.0.0
23 silly idealTree ├─┬ gulp@3.9.0
23 silly idealTree │ └── semver@4.3.6
23 silly idealTree ├── has-ansi@2.0.0
23 silly idealTree ├── has@1.0.1
23 silly idealTree ├── hash.js@1.0.3
23 silly idealTree ├── home-or-tmp@1.0.0
23 silly idealTree ├── hosted-git-info@2.1.4
23 silly idealTree ├── htmlescape@1.1.0
23 silly idealTree ├── https-browserify@0.0.1
23 silly idealTree ├── iconv-lite@0.4.13
23 silly idealTree ├── ieee754@1.1.6
23 silly idealTree ├── indent-string@2.1.0
23 silly idealTree ├── indexof@0.0.1
23 silly idealTree ├── inflight@1.0.4
23 silly idealTree ├── inherits@2.0.1
23 silly idealTree ├── inline-source-map@0.5.0
23 silly idealTree ├─┬ insert-module-globals@6.6.0
23 silly idealTree │ └── through2@1.1.1
23 silly idealTree ├── install@0.1.8
23 silly idealTree ├── interpret@0.6.6
23 silly idealTree ├── invert-kv@1.0.0
23 silly idealTree ├── is-absolute@0.1.7
23 silly idealTree ├── is-array@1.0.1
23 silly idealTree ├── is-binary-path@1.0.1
23 silly idealTree ├── is-buffer@1.1.0
23 silly idealTree ├── is-builtin-module@1.0.0
23 silly idealTree ├── is-dotfile@1.0.1
23 silly idealTree ├── is-equal-shallow@0.1.3
23 silly idealTree ├── is-extglob@1.0.0
23 silly idealTree ├── is-finite@1.0.1
23 silly idealTree ├── is-glob@1.1.3
23 silly idealTree ├── is-integer@1.0.6
23 silly idealTree ├── is-number@1.1.2
23 silly idealTree ├── is-primitive@2.0.0
23 silly idealTree ├── is-relative@0.1.3
23 silly idealTree ├── is-utf8@0.2.0
23 silly idealTree ├── isarray@0.0.1
23 silly idealTree ├── isobject@1.0.2
23 silly idealTree ├── js-tokens@1.0.1
23 silly idealTree ├── jsesc@0.5.0
23 silly idealTree ├── json-stable-stringify@0.0.1
23 silly idealTree ├── json5@0.4.0
23 silly idealTree ├── jsonify@0.0.0
23 silly idealTree ├── jsonparse@1.1.0
23 silly idealTree ├── kind-of@2.0.1
23 silly idealTree ├── labeled-stream-splicer@1.0.2
23 silly idealTree ├── lazy-cache@0.2.3
23 silly idealTree ├── lcid@1.0.0
23 silly idealTree ├── left-pad@0.0.3
23 silly idealTree ├── leven@1.0.2
23 silly idealTree ├── levn@0.2.5
23 silly idealTree ├── lexical-scope@1.2.0
23 silly idealTree ├── liftoff@2.2.0
23 silly idealTree ├── line-numbers@0.2.0
23 silly idealTree ├── load-json-file@1.0.1
23 silly idealTree ├── lodash._basecopy@3.0.1
23 silly idealTree ├── lodash._baseflatten@3.1.4
23 silly idealTree ├── lodash._basetostring@3.0.1
23 silly idealTree ├── lodash._basevalues@3.0.0
23 silly idealTree ├── lodash._getnative@3.9.1
23 silly idealTree ├── lodash._isiterateecall@3.0.9
23 silly idealTree ├── lodash._reescape@3.0.0
23 silly idealTree ├── lodash._reevaluate@3.0.0
23 silly idealTree ├── lodash._reinterpolate@3.0.0
23 silly idealTree ├── lodash.escape@3.0.0
23 silly idealTree ├── lodash.flatten@3.0.2
23 silly idealTree ├── lodash.isarguments@3.0.4
23 silly idealTree ├── lodash.isarray@3.0.4
23 silly idealTree ├── lodash.keys@3.1.2
23 silly idealTree ├── lodash.memoize@3.0.4
23 silly idealTree ├── lodash.restparam@3.6.1
23 silly idealTree ├── lodash.template@3.6.2
23 silly idealTree ├── lodash.templatesettings@3.1.0
23 silly idealTree ├── lodash@3.10.1
23 silly idealTree ├── longest@1.0.1
23 silly idealTree ├── loud-rejection@1.0.0
23 silly idealTree ├── lru-cache@2.7.0
23 silly idealTree ├── map-obj@1.0.1
23 silly idealTree ├─┬ meow@3.4.2
23 silly idealTree │ └── object-assign@4.0.1
23 silly idealTree ├─┬ micromatch@2.2.0
23 silly idealTree │ └── kind-of@1.1.0
23 silly idealTree ├── miller-rabin@2.0.1
23 silly idealTree ├── minimalistic-assert@1.0.0
23 silly idealTree ├── minimatch@2.0.10
23 silly idealTree ├── minimist@1.2.0
23 silly idealTree ├─┬ mkdirp@0.5.1
23 silly idealTree │ └── minimist@0.0.8
23 silly idealTree ├─┬ module-deps@3.9.1
23 silly idealTree │ └── through2@1.1.1
23 silly idealTree ├── ms@0.7.1
23 silly idealTree ├── multipipe@0.1.2
23 silly idealTree ├── nan@2.1.0
23 silly idealTree ├── normalize-package-data@2.3.4
23 silly idealTree ├── number-is-nan@1.0.0
23 silly idealTree ├── object-assign@3.0.0
23 silly idealTree ├── object-keys@1.0.7
23 silly idealTree ├── object.omit@1.1.0
23 silly idealTree ├── once@1.3.2
23 silly idealTree ├── optionator@0.5.0
23 silly idealTree ├── orchestrator@0.3.7
23 silly idealTree ├── ordered-read-streams@0.1.0
23 silly idealTree ├── os-browserify@0.1.2
23 silly idealTree ├── os-homedir@1.0.1
23 silly idealTree ├── os-locale@1.4.0
23 silly idealTree ├── os-tmpdir@1.0.1
23 silly idealTree ├─┬ outpipe@1.1.1
23 silly idealTree │ └── shell-quote@1.4.3
23 silly idealTree ├── output-file-sync@1.1.1
23 silly idealTree ├── pako@0.2.8
23 silly idealTree ├── parents@1.0.1
23 silly idealTree ├── parse-asn1@3.0.2
23 silly idealTree ├─┬ parse-glob@3.0.4
23 silly idealTree │ └── is-glob@2.0.1
23 silly idealTree ├── parse-json@2.2.0
23 silly idealTree ├── path-browserify@0.0.0
23 silly idealTree ├── path-exists@2.0.0
23 silly idealTree ├── path-is-absolute@1.0.0
23 silly idealTree ├── path-platform@0.11.15
23 silly idealTree ├── path-type@1.0.0
23 silly idealTree ├── pbkdf2@3.0.4
23 silly idealTree ├── pify@2.2.0
23 silly idealTree ├── pinkie-promise@1.0.0
23 silly idealTree ├── pinkie@1.0.0
23 silly idealTree ├── prelude-ls@1.1.2
23 silly idealTree ├── preserve@0.2.0
23 silly idealTree ├── pretty-hrtime@1.0.1
23 silly idealTree ├── private@0.1.6
23 silly idealTree ├── process-nextick-args@1.0.3
23 silly idealTree ├── process@0.11.2
23 silly idealTree ├── public-encrypt@2.0.1
23 silly idealTree ├── punycode@1.3.2
23 silly idealTree ├── q@1.1.2
23 silly idealTree ├── querystring-es3@0.2.1
23 silly idealTree ├── querystring@0.2.0
23 silly idealTree ├─┬ randomatic@1.1.0
23 silly idealTree │ └── kind-of@1.1.0
23 silly idealTree ├── randombytes@2.0.1
23 silly idealTree ├── read-only-stream@1.1.1
23 silly idealTree ├── read-pkg-up@1.0.1
23 silly idealTree ├── read-pkg@1.1.0
23 silly idealTree ├── readable-stream@1.1.13
23 silly idealTree ├── readable-wrap@1.0.0
23 silly idealTree ├─┬ readdirp@2.0.0
23 silly idealTree │ └── readable-stream@2.0.2
23 silly idealTree ├── recast@0.10.24
23 silly idealTree ├── rechoir@0.6.2
23 silly idealTree ├── redent@1.0.0
23 silly idealTree ├── regenerate@1.2.1
23 silly idealTree ├── regenerator@0.8.35
23 silly idealTree ├── regex-cache@0.4.2
23 silly idealTree ├─┬ regexpu@1.3.0
23 silly idealTree │ └── esprima@2.6.0
23 silly idealTree ├── regjsgen@0.2.0
23 silly idealTree ├── regjsparser@0.1.5
23 silly idealTree ├── repeat-element@1.1.2
23 silly idealTree ├── repeat-string@1.5.2
23 silly idealTree ├── repeating@2.0.0
23 silly idealTree ├── replace-ext@0.0.1
23 silly idealTree ├── resolve@1.1.6
23 silly idealTree ├── right-align@0.1.3
23 silly idealTree ├── ripemd160@1.0.1
23 silly idealTree ├── semver@5.0.3
23 silly idealTree ├── sequencify@0.0.7
23 silly idealTree ├── sha.js@2.4.4
23 silly idealTree ├── shasum@1.0.2
23 silly idealTree ├── shebang-regex@1.0.0
23 silly idealTree ├── shell-quote@0.0.1
23 silly idealTree ├── sigmund@1.0.1
23 silly idealTree ├── simple-fmt@0.1.0
23 silly idealTree ├── simple-is@0.2.0
23 silly idealTree ├── slash@1.0.0
23 silly idealTree ├─┬ source-map-support@0.2.10
23 silly idealTree │ └── source-map@0.1.32
23 silly idealTree ├── source-map@0.4.4
23 silly idealTree ├── spdx-correct@1.0.1
23 silly idealTree ├── spdx-exceptions@1.0.3
23 silly idealTree ├── spdx-expression-parse@1.0.0
23 silly idealTree ├── spdx-license-ids@1.0.2
23 silly idealTree ├── stable@0.1.5
23 silly idealTree ├─┬ stream-browserify@2.0.1
23 silly idealTree │ └── readable-stream@2.0.2
23 silly idealTree ├─┬ stream-combiner2@1.0.2
23 silly idealTree │ ├── readable-stream@1.0.33
23 silly idealTree │ ├── through2@0.5.1
23 silly idealTree │ └── xtend@3.0.0
23 silly idealTree ├── stream-consume@0.1.0
23 silly idealTree ├── stream-http@1.7.1
23 silly idealTree ├─┬ stream-splicer@1.3.2
23 silly idealTree │ └── through2@1.1.1
23 silly idealTree ├── string_decoder@0.10.31
23 silly idealTree ├── stringmap@0.2.2
23 silly idealTree ├── stringset@0.2.1
23 silly idealTree ├── strip-ansi@3.0.0
23 silly idealTree ├── strip-bom@2.0.0
23 silly idealTree ├─┬ strip-indent@1.0.1
23 silly idealTree │ └── get-stdin@4.0.1
23 silly idealTree ├── subarg@1.0.0
23 silly idealTree ├── success-symbol@0.1.0
23 silly idealTree ├── supports-color@2.0.0
23 silly idealTree ├── syntax-error@1.1.4
23 silly idealTree ├─┬ through2@0.6.5
23 silly idealTree │ └── readable-stream@1.0.33
23 silly idealTree ├── through@2.3.8
23 silly idealTree ├── tildify@1.1.2
23 silly idealTree ├── timers-browserify@1.4.1
23 silly idealTree ├── to-fast-properties@1.0.1
23 silly idealTree ├── trim-newlines@1.0.0
23 silly idealTree ├── trim-right@1.0.1
23 silly idealTree ├── try-resolve@1.0.1
23 silly idealTree ├── tryor@0.1.2
23 silly idealTree ├── tty-browserify@0.0.0
23 silly idealTree ├── type-check@0.3.1
23 silly idealTree ├── typedarray@0.0.6
23 silly idealTree ├── umd@3.0.1
23 silly idealTree ├── unique-stream@1.0.0
23 silly idealTree ├── url@0.10.3
23 silly idealTree ├── user-home@1.1.1
23 silly idealTree ├── util-deprecate@1.0.2
23 silly idealTree ├── util@0.10.3
23 silly idealTree ├── v8flags@2.0.10
23 silly idealTree ├── validate-npm-package-license@3.0.1
23 silly idealTree ├── vinyl-buffer@1.0.0
23 silly idealTree ├─┬ vinyl-fs@0.3.14
23 silly idealTree │ ├── clone@0.2.0
23 silly idealTree │ ├── graceful-fs@3.0.8
23 silly idealTree │ ├── strip-bom@1.0.0
23 silly idealTree │ └── vinyl@0.4.6
23 silly idealTree ├─┬ vinyl-source-stream@1.1.0
23 silly idealTree │ ├── clone@0.2.0
23 silly idealTree │ └── vinyl@0.4.6
23 silly idealTree ├─┬ vinyl-sourcemaps-apply@0.1.4
23 silly idealTree │ └── source-map@0.1.43
23 silly idealTree ├── vinyl@0.5.3
23 silly idealTree ├── vm-browserify@0.0.4
23 silly idealTree ├── watchify@3.4.0
23 silly idealTree ├── which@1.2.0
23 silly idealTree ├── window-size@0.1.2
23 silly idealTree ├── wordwrap@0.0.2
23 silly idealTree ├── wrappy@1.0.1
23 silly idealTree ├── xtend@4.0.0
23 silly idealTree ├── y18n@3.2.0
23 silly idealTree └── yargs@3.27.0
24 silly generateActionsToTake Starting
25 silly install generateActionsToTake
26 silly generateActionsToTake Finishing
27 silly diffTrees action count 0
28 silly decomposeActions action count 0
29 silly executeActions Starting
30 silly install executeActions
31 silly doSerial global-install 0
32 silly doParallel fetch 0
33 verbose lock using /Users/sequoiasnow/.npm/_locks/staging-7548c8ff7158d17f.lock for /Users/sequoiasnow/Sites/work/sri-react/node_modules/.staging
34 verbose unlock done using /Users/sequoiasnow/.npm/_locks/staging-7548c8ff7158d17f.lock for /Users/sequoiasnow/Sites/work/sri-react/node_modules/.staging
35 silly rollbackFailedOptional Starting
36 silly rollbackFailedOptional Finishing
37 silly runTopLevelLifecycles Starting
38 silly runTopLevelLifecycles Finishing
39 silly install printInstalled
40 warn EPACKAGEJSON sequoiasnow.com@0.0.1 No repository field.
41 verbose stack Error: EACCES, mkdir '/Users/sequoiasnow/Sites/work/sri-react/node_modules/.staging'
42 verbose cwd /Users/sequoiasnow/Sites/work/sri-react
43 error Darwin 15.0.0
44 error argv "node" "/usr/local/bin/npm" "install"
45 error node v0.10.34
46 error npm  v3.3.5
47 error path /Users/sequoiasnow/Sites/work/sri-react/node_modules/.staging
48 error code EACCES
49 error errno 3
50 error Error: EACCES, mkdir '/Users/sequoiasnow/Sites/work/sri-react/node_modules/.staging'
50 error  { [Error: EACCES, mkdir '/Users/sequoiasnow/Sites/work/sri-react/node_modules/.staging']
50 error   errno: 3,
50 error   code: 'EACCES',
50 error   path: '/Users/sequoiasnow/Sites/work/sri-react/node_modules/.staging' }
51 error Please try running this command again as root/Administrator.
52 verbose exit [ 3, true ]
